TN:
SF:/Users/darlingtonnnam/Desktop/programming/Blockchain/Projects/cairo/cairo1.0/Karst/coloniz-core/src/base/token_uris/channel_token_uri.cairo
FN:3,coloniz::base::token_uris::channel_token_uri::ChannelTokenUri::get_token_uri
FNDA:0,coloniz::base::token_uris::channel_token_uri::ChannelTokenUri::get_token_uri
FNF:1
FNH:0
DA:3,0
LF:1
LH:0
end_of_record
TN:
SF:/Users/darlingtonnnam/Desktop/programming/Blockchain/Projects/cairo/cairo1.0/Karst/coloniz-core/src/base/token_uris/community_token_uri.cairo
FN:3,coloniz::base::token_uris::community_token_uri::CommunityTokenUri::get_token_uri
FNDA:0,coloniz::base::token_uris::community_token_uri::CommunityTokenUri::get_token_uri
FNF:1
FNH:0
DA:3,0
LF:1
LH:0
end_of_record
TN:
SF:/Users/darlingtonnnam/Desktop/programming/Blockchain/Projects/cairo/cairo1.0/Karst/coloniz-core/src/base/token_uris/follow_token_uri.cairo
FN:27,coloniz::base::token_uris::follow_token_uri::FollowTokenUri::get_attributes
FNDA:0,coloniz::base::token_uris::follow_token_uri::FollowTokenUri::get_attributes
FN:9,coloniz::base::token_uris::follow_token_uri::FollowTokenUri::get_token_uri
FNDA:0,coloniz::base::token_uris::follow_token_uri::FollowTokenUri::get_token_uri
FNF:2
FNH:0
DA:9,0
DA:12,0
DA:13,0
DA:14,0
DA:17,0
DA:18,0
DA:27,0
DA:28,0
DA:29,0
DA:30,0
DA:31,0
DA:35,0
DA:36,0
DA:37,0
DA:38,0
DA:39,0
DA:40,0
DA:41,0
DA:42,0
DA:43,0
DA:44,0
DA:45,0
DA:47,0
DA:48,0
DA:49,0
DA:50,0
DA:51,0
DA:52,0
DA:53,0
DA:54,0
DA:55,0
DA:56,0
DA:57,0
DA:58,0
DA:59,0
DA:60,0
DA:61,0
DA:62,0
DA:63,0
LF:39
LH:0
end_of_record
TN:
SF:/Users/darlingtonnnam/Desktop/programming/Blockchain/Projects/cairo/cairo1.0/Karst/coloniz-core/src/base/token_uris/handle_token_uri.cairo
FN:25,coloniz::base::token_uris::handle_token_uri::HandleTokenUri::get_attributes
FNDA:0,coloniz::base::token_uris::handle_token_uri::HandleTokenUri::get_attributes
FN:7,coloniz::base::token_uris::handle_token_uri::HandleTokenUri::get_token_uri
FNDA:0,coloniz::base::token_uris::handle_token_uri::HandleTokenUri::get_token_uri
FNF:2
FNH:0
DA:7,0
DA:10,0
DA:11,0
DA:12,0
DA:15,0
DA:16,0
DA:25,0
DA:26,0
DA:27,0
DA:28,0
DA:29,0
DA:30,0
DA:31,0
DA:32,0
DA:33,0
DA:34,0
DA:35,0
DA:36,0
DA:37,0
DA:38,0
DA:39,0
DA:40,0
DA:41,0
DA:42,0
DA:43,0
DA:44,0
DA:45,0
DA:46,0
DA:47,0
DA:48,0
DA:49,0
DA:50,0
LF:32
LH:0
end_of_record
TN:
SF:/Users/darlingtonnnam/Desktop/programming/Blockchain/Projects/cairo/cairo1.0/Karst/coloniz-core/src/base/token_uris/profile_token_uri.cairo
FN:15,coloniz::base::token_uris::profile_token_uri::ProfileTokenUri::get_attributes
FNDA:9,coloniz::base::token_uris::profile_token_uri::ProfileTokenUri::get_attributes
FN:41,coloniz::base::token_uris::profile_token_uri::ProfileTokenUri::get_json
FNDA:6,coloniz::base::token_uris::profile_token_uri::ProfileTokenUri::get_json
FN:7,coloniz::base::token_uris::profile_token_uri::ProfileTokenUri::get_svg
FNDA:3,coloniz::base::token_uris::profile_token_uri::ProfileTokenUri::get_svg
FN:55,coloniz::base::token_uris::profile_token_uri::ProfileTokenUri::get_token_uri
FNDA:6,coloniz::base::token_uris::profile_token_uri::ProfileTokenUri::get_token_uri
FNF:4
FNH:4
DA:7,3
DA:8,3
DA:9,3
DA:10,3
DA:11,3
DA:15,3
DA:16,6
DA:17,6
DA:18,6
DA:19,9
DA:20,3
DA:22,3
DA:23,3
DA:24,3
DA:25,3
DA:26,3
DA:27,3
DA:28,3
DA:29,3
DA:30,3
DA:31,3
DA:32,3
DA:33,3
DA:34,3
DA:35,3
DA:36,3
DA:37,3
DA:41,3
DA:42,6
DA:43,6
DA:44,3
DA:45,3
DA:46,3
DA:47,3
DA:48,3
DA:49,3
DA:50,3
DA:55,3
DA:57,3
DA:58,6
DA:59,6
DA:62,6
DA:63,6
DA:64,6
DA:66,6
DA:67,6
DA:69,3
DA:71,6
DA:73,6
DA:75,6
DA:77,6
DA:79,6
LF:52
LH:52
end_of_record
TN:
SF:/Users/darlingtonnnam/Desktop/programming/Blockchain/Projects/cairo/cairo1.0/Karst/coloniz-core/src/base/token_uris/traits/follow.cairo
FN:21,coloniz::base::token_uris::traits::follow::follow::get_random_color
FNDA:0,coloniz::base::token_uris::traits::follow::follow::get_random_color
FN:6,coloniz::base::token_uris::traits::follow::follow::get_svg_follow
FNDA:0,coloniz::base::token_uris::traits::follow::follow::get_svg_follow
FNF:2
FNH:0
DA:6,0
DA:7,0
DA:8,0
DA:10,0
DA:11,0
DA:12,0
DA:13,0
DA:14,0
DA:15,0
DA:16,0
DA:21,0
LF:11
LH:0
end_of_record
TN:
SF:/Users/darlingtonnnam/Desktop/programming/Blockchain/Projects/cairo/cairo1.0/Karst/coloniz-core/src/base/token_uris/traits/handle.cairo
FN:21,coloniz::base::token_uris::traits::handle::handle::get_random_color
FNDA:0,coloniz::base::token_uris::traits::handle::handle::get_random_color
FN:6,coloniz::base::token_uris::traits::handle::handle::get_svg_handle
FNDA:0,coloniz::base::token_uris::traits::handle::handle::get_svg_handle
FNF:2
FNH:0
DA:6,0
DA:7,0
DA:8,0
DA:10,0
DA:11,0
DA:12,0
DA:13,0
DA:14,0
DA:15,0
DA:16,0
DA:21,0
LF:11
LH:0
end_of_record
TN:
SF:/Users/darlingtonnnam/Desktop/programming/Blockchain/Projects/cairo/cairo1.0/Karst/coloniz-core/src/base/utils/base64_extended.cairo
FN:24,coloniz::base::utils::base64_extended::convert_into_byteArray
FNDA:174,coloniz::base::utils::base64_extended::convert_into_byteArray
FN:5,coloniz::base::utils::base64_extended::get_base64_encode
FNDA:5145,coloniz::base::utils::base64_extended::get_base64_encode
FNF:2
FNH:2
DA:5,6
DA:6,6
DA:8,5145
DA:9,3418
DA:10,1709
DA:11,3418
DA:13,12
DA:14,6
DA:16,4580
DA:17,4568
DA:18,4568
DA:19,4568
DA:24,9
DA:25,9
DA:27,174
DA:28,78
DA:29,156
DA:30,156
LF:18
LH:18
end_of_record
TN:
SF:/Users/darlingtonnnam/Desktop/programming/Blockchain/Projects/cairo/cairo1.0/Karst/coloniz-core/src/base/utils/byte_array_extra.cairo
FN:2,coloniz::base::utils::byte_array_extra::FeltTryIntoByteArray::try_into
FNDA:2854,coloniz::base::utils::byte_array_extra::FeltTryIntoByteArray::try_into
FNF:1
FNH:1
DA:2,88
DA:3,88
DA:5,88
DA:6,1515
DA:7,2854
DA:8,88
DA:10,2678
DA:11,2678
DA:14,176
DA:15,0
LF:10
LH:9
end_of_record
TN:
SF:/Users/darlingtonnnam/Desktop/programming/Blockchain/Projects/cairo/cairo1.0/Karst/coloniz-core/src/base/utils/hubrestricted.cairo
FN:9,coloniz::base::utils::hubrestricted::HubRestricted::hub_only
FNDA:76,coloniz::base::utils::hubrestricted::HubRestricted::hub_only
FNF:1
FNH:1
DA:9,76
DA:10,38
LF:2
LH:2
end_of_record
TN:
SF:/Users/darlingtonnnam/Desktop/programming/Blockchain/Projects/cairo/cairo1.0/Karst/coloniz-core/src/channel/channel.cairo
FN:274,coloniz::channel::channel::ChannelComponent::ChannelImpl::add_channel_mods
FNDA:64,coloniz::channel::channel::ChannelComponent::ChannelImpl::add_channel_mods
FN:132,coloniz::channel::channel::ChannelComponent::ChannelImpl::create_channel
FNDA:305,coloniz::channel::channel::ChannelComponent::ChannelImpl::create_channel
FN:340,coloniz::channel::channel::ChannelComponent::ChannelImpl::get_channel
FNDA:15,coloniz::channel::channel::ChannelComponent::ChannelImpl::get_channel
FN:408,coloniz::channel::channel::ChannelComponent::ChannelImpl::get_channel_ban_status
FNDA:290,coloniz::channel::channel::ChannelComponent::ChannelImpl::get_channel_ban_status
FN:397,coloniz::channel::channel::ChannelComponent::ChannelImpl::get_channel_censorship_status
FNDA:35,coloniz::channel::channel::ChannelComponent::ChannelImpl::get_channel_censorship_status
FN:379,coloniz::channel::channel::ChannelComponent::ChannelImpl::get_channel_community
FNDA:0,coloniz::channel::channel::ChannelComponent::ChannelImpl::get_channel_community
FN:348,coloniz::channel::channel::ChannelComponent::ChannelImpl::get_channel_metadata_uri
FNDA:10,coloniz::channel::channel::ChannelComponent::ChannelImpl::get_channel_metadata_uri
FN:372,coloniz::channel::channel::ChannelComponent::ChannelImpl::get_total_channel_members
FNDA:10,coloniz::channel::channel::ChannelComponent::ChannelImpl::get_total_channel_members
FN:358,coloniz::channel::channel::ChannelComponent::ChannelImpl::is_channel_member
FNDA:425,coloniz::channel::channel::ChannelComponent::ChannelImpl::is_channel_member
FN:389,coloniz::channel::channel::ChannelComponent::ChannelImpl::is_channel_mod
FNDA:35,coloniz::channel::channel::ChannelComponent::ChannelImpl::is_channel_mod
FN:188,coloniz::channel::channel::ChannelComponent::ChannelImpl::join_channel
FNDA:100,coloniz::channel::channel::ChannelComponent::ChannelImpl::join_channel
FN:204,coloniz::channel::channel::ChannelComponent::ChannelImpl::leave_channel
FNDA:28,coloniz::channel::channel::ChannelComponent::ChannelImpl::leave_channel
FN:291,coloniz::channel::channel::ChannelComponent::ChannelImpl::remove_channel_mods
FNDA:16,coloniz::channel::channel::ChannelComponent::ChannelImpl::remove_channel_mods
FN:324,coloniz::channel::channel::ChannelComponent::ChannelImpl::set_channel_ban_status
FNDA:35,coloniz::channel::channel::ChannelComponent::ChannelImpl::set_channel_ban_status
FN:303,coloniz::channel::channel::ChannelComponent::ChannelImpl::set_channel_censorship_status
FNDA:14,coloniz::channel::channel::ChannelComponent::ChannelImpl::set_channel_censorship_status
FN:253,coloniz::channel::channel::ChannelComponent::ChannelImpl::set_channel_metadata_uri
FNDA:14,coloniz::channel::channel::ChannelComponent::ChannelImpl::set_channel_metadata_uri
FN:480,coloniz::channel::channel::ChannelComponent::InternalImpl::_add_channel_mods
FNDA:63,coloniz::channel::channel::ChannelComponent::InternalImpl::_add_channel_mods
FN:632,coloniz::channel::channel::ChannelComponent::InternalImpl::_burn_channel_nft
FNDA:8,coloniz::channel::channel::ChannelComponent::InternalImpl::_burn_channel_nft
FN:591,coloniz::channel::channel::ChannelComponent::InternalImpl::_deploy_channel_nft
FNDA:122,coloniz::channel::channel::ChannelComponent::InternalImpl::_deploy_channel_nft
FN:426,coloniz::channel::channel::ChannelComponent::InternalImpl::_initializer
FNDA:380,coloniz::channel::channel::ChannelComponent::InternalImpl::_initializer
FN:437,coloniz::channel::channel::ChannelComponent::InternalImpl::_join_channel
FNDA:777,coloniz::channel::channel::ChannelComponent::InternalImpl::_join_channel
FN:619,coloniz::channel::channel::ChannelComponent::InternalImpl::_mint_channel_nft
FNDA:222,coloniz::channel::channel::ChannelComponent::InternalImpl::_mint_channel_nft
FN:514,coloniz::channel::channel::ChannelComponent::InternalImpl::_remove_channel_mods
FNDA:12,coloniz::channel::channel::ChannelComponent::InternalImpl::_remove_channel_mods
FN:550,coloniz::channel::channel::ChannelComponent::InternalImpl::_set_ban_status
FNDA:33,coloniz::channel::channel::ChannelComponent::InternalImpl::_set_ban_status
FNF:24
FNH:23
DA:132,61
DA:133,305
DA:134,122
DA:135,244
DA:139,122
DA:140,122
DA:143,122
DA:145,122
DA:149,122
DA:151,61
DA:157,61
DA:160,61
DA:164,305
DA:165,244
DA:168,122
DA:171,122
DA:178,122
DA:188,100
DA:191,100
DA:192,100
DA:194,50
DA:195,50
DA:198,100
DA:204,28
DA:205,12
DA:206,28
DA:209,8
DA:210,4
DA:213,0
DA:214,8
DA:217,8
DA:220,16
DA:225,0
DA:232,8
DA:233,16
DA:235,8
DA:239,8
DA:242,8
DA:253,2
DA:254,14
DA:255,2
DA:256,4
DA:257,3
DA:260,14
DA:261,0
DA:262,8
DA:274,0
DA:275,64
DA:279,16
DA:291,0
DA:292,16
DA:296,4
DA:303,2
DA:304,14
DA:307,4
DA:311,8
DA:324,35
DA:327,5
DA:328,10
DA:329,3
DA:333,10
DA:340,15
DA:348,2
DA:349,10
DA:358,85
DA:359,425
DA:360,170
DA:361,33
DA:363,52
DA:372,2
DA:373,10
DA:379,0
DA:380,0
DA:389,35
DA:397,7
DA:398,35
DA:408,290
DA:426,76
DA:427,304
DA:428,380
DA:437,777
DA:441,222
DA:442,0
DA:443,111
DA:446,222
DA:456,222
DA:457,444
DA:458,444
DA:461,222
DA:465,222
DA:468,222
DA:480,8
DA:481,0
DA:484,63
DA:485,26
DA:488,26
DA:489,13
DA:491,52
DA:494,26
DA:498,26
DA:500,26
DA:503,26
DA:514,2
DA:515,0
DA:518,12
DA:519,4
DA:522,4
DA:523,2
DA:525,8
DA:528,4
DA:533,4
DA:534,4
DA:537,4
DA:550,5
DA:551,5
DA:552,0
DA:555,33
DA:556,12
DA:557,12
DA:560,12
DA:561,6
DA:567,24
DA:569,12
DA:573,12
DA:576,12
DA:579,12
DA:591,61
DA:596,122
DA:597,0
DA:601,122
DA:606,122
DA:619,111
DA:620,222
DA:632,4
DA:633,8
DA:634,8
LF:136
LH:124
end_of_record
TN:
SF:/Users/darlingtonnnam/Desktop/programming/Blockchain/Projects/cairo/cairo1.0/Karst/coloniz-core/src/channel/channelNFT.cairo
FN:92,coloniz::channel::channelNFT::ChannelNFT::ChannelNFT::burn_nft
FNDA:28,coloniz::channel::channelNFT::ChannelNFT::ChannelNFT::burn_nft
FN:107,coloniz::channel::channelNFT::ChannelNFT::ChannelNFT::get_user_token_id
FNDA:0,coloniz::channel::channelNFT::ChannelNFT::ChannelNFT::get_user_token_id
FN:76,coloniz::channel::channelNFT::ChannelNFT::ChannelNFT::mint_nft
FNDA:555,coloniz::channel::channelNFT::ChannelNFT::ChannelNFT::mint_nft
FN:114,coloniz::channel::channelNFT::ChannelNFT::ChannelNFT::name
FNDA:0,coloniz::channel::channelNFT::ChannelNFT::ChannelNFT::name
FN:125,coloniz::channel::channelNFT::ChannelNFT::ChannelNFT::symbol
FNDA:0,coloniz::channel::channelNFT::ChannelNFT::ChannelNFT::symbol
FN:129,coloniz::channel::channelNFT::ChannelNFT::ChannelNFT::token_uri
FNDA:0,coloniz::channel::channelNFT::ChannelNFT::ChannelNFT::token_uri
FN:64,coloniz::channel::channelNFT::ChannelNFT::constructor
FNDA:248,coloniz::channel::channelNFT::ChannelNFT::constructor
FNF:7
FNH:3
DA:64,62
DA:65,248
DA:76,111
DA:77,222
DA:78,333
DA:80,555
DA:81,222
DA:82,222
DA:83,444
DA:85,444
DA:86,444
DA:87,444
DA:92,4
DA:93,28
DA:94,8
DA:96,8
DA:97,8
DA:98,16
DA:107,0
DA:114,0
DA:115,0
DA:116,0
DA:117,0
DA:118,0
DA:119,0
DA:125,0
DA:129,0
DA:130,0
DA:131,0
LF:29
LH:18
end_of_record
TN:
SF:/Users/darlingtonnnam/Desktop/programming/Blockchain/Projects/cairo/cairo1.0/Karst/coloniz-core/src/coloniznft/coloniznft.cairo
FN:120,coloniz::coloniznft::coloniznft::ColonizNFT::colonizImpl::get_last_minted_id
FNDA:12,coloniz::coloniznft::coloniznft::ColonizNFT::colonizImpl::get_last_minted_id
FN:115,coloniz::coloniznft::coloniznft::ColonizNFT::colonizImpl::get_token_mint_timestamp
FNDA:0,coloniz::coloniznft::coloniznft::ColonizNFT::colonizImpl::get_token_mint_timestamp
FN:111,coloniz::coloniznft::coloniznft::ColonizNFT::colonizImpl::get_user_token_id
FNDA:330,coloniz::coloniznft::coloniznft::ColonizNFT::colonizImpl::get_user_token_id
FN:92,coloniz::coloniznft::coloniznft::ColonizNFT::colonizImpl::mint_coloniznft
FNDA:335,coloniz::coloniznft::coloniznft::ColonizNFT::colonizImpl::mint_coloniznft
FN:128,coloniz::coloniznft::coloniznft::ColonizNFT::colonizImpl::name
FNDA:1,coloniz::coloniznft::coloniznft::ColonizNFT::colonizImpl::name
FN:133,coloniz::coloniznft::coloniznft::ColonizNFT::colonizImpl::symbol
FNDA:1,coloniz::coloniznft::coloniznft::ColonizNFT::colonizImpl::symbol
FN:138,coloniz::coloniznft::coloniznft::ColonizNFT::colonizImpl::token_uri
FNDA:0,coloniz::coloniznft::coloniznft::ColonizNFT::colonizImpl::token_uri
FN:80,coloniz::coloniznft::coloniznft::ColonizNFT::constructor
FNDA:172,coloniz::coloniznft::coloniznft::ColonizNFT::constructor
FNF:8
FNH:6
DA:80,43
DA:81,172
DA:82,86
DA:92,67
DA:93,134
DA:94,201
DA:96,335
DA:97,134
DA:98,134
DA:100,268
DA:101,268
DA:102,268
DA:111,330
DA:115,0
DA:120,12
DA:128,1
DA:133,1
DA:138,0
DA:139,0
LF:19
LH:16
end_of_record
TN:
SF:/Users/darlingtonnnam/Desktop/programming/Blockchain/Projects/cairo/cairo1.0/Karst/coloniz-core/src/community/community.cairo
FN:247,coloniz::community::community::CommunityComponent::CommunityImpl::add_community_mods
FNDA:56,coloniz::community::community::CommunityComponent::CommunityImpl::add_community_mods
FN:160,coloniz::community::community::CommunityComponent::CommunityImpl::create_community
FNDA:510,coloniz::community::community::CommunityComponent::CommunityImpl::create_community
FN:335,coloniz::community::community::CommunityComponent::CommunityImpl::gatekeep
FNDA:49,coloniz::community::community::CommunityComponent::CommunityImpl::gatekeep
FN:477,coloniz::community::community::CommunityComponent::CommunityImpl::get_ban_status
FNDA:620,coloniz::community::community::CommunityComponent::CommunityImpl::get_ban_status
FN:411,coloniz::community::community::CommunityComponent::CommunityImpl::get_community
FNDA:325,coloniz::community::community::CommunityComponent::CommunityImpl::get_community
FN:466,coloniz::community::community::CommunityComponent::CommunityImpl::get_community_censorship_status
FNDA:115,coloniz::community::community::CommunityComponent::CommunityImpl::get_community_censorship_status
FN:486,coloniz::community::community::CommunityComponent::CommunityImpl::get_community_fee_address
FNDA:0,coloniz::community::community::CommunityComponent::CommunityImpl::get_community_fee_address
FN:419,coloniz::community::community::CommunityComponent::CommunityImpl::get_community_metadata_uri
FNDA:5,coloniz::community::community::CommunityComponent::CommunityImpl::get_community_metadata_uri
FN:441,coloniz::community::community::CommunityComponent::CommunityImpl::get_total_members
FNDA:5,coloniz::community::community::CommunityComponent::CommunityImpl::get_total_members
FN:429,coloniz::community::community::CommunityComponent::CommunityImpl::is_community_member
FNDA:1615,coloniz::community::community::CommunityComponent::CommunityImpl::is_community_member
FN:451,coloniz::community::community::CommunityComponent::CommunityImpl::is_community_mod
FNDA:30,coloniz::community::community::CommunityComponent::CommunityImpl::is_community_mod
FN:504,coloniz::community::community::CommunityComponent::CommunityImpl::is_gatekeeped
FNDA:455,coloniz::community::community::CommunityComponent::CommunityImpl::is_gatekeeped
FN:494,coloniz::community::community::CommunityComponent::CommunityImpl::is_premium_community
FNDA:0,coloniz::community::community::CommunityComponent::CommunityImpl::is_premium_community
FN:181,coloniz::community::community::CommunityComponent::CommunityImpl::join_community
FNDA:609,coloniz::community::community::CommunityComponent::CommunityImpl::join_community
FN:201,coloniz::community::community::CommunityComponent::CommunityImpl::leave_community
FNDA:14,coloniz::community::community::CommunityComponent::CommunityImpl::leave_community
FN:261,coloniz::community::community::CommunityComponent::CommunityImpl::remove_community_mods
FNDA:14,coloniz::community::community::CommunityComponent::CommunityImpl::remove_community_mods
FN:276,coloniz::community::community::CommunityComponent::CommunityImpl::set_ban_status
FNDA:28,coloniz::community::community::CommunityComponent::CommunityImpl::set_ban_status
FN:390,coloniz::community::community::CommunityComponent::CommunityImpl::set_community_censorship_status
FNDA:14,coloniz::community::community::CommunityComponent::CommunityImpl::set_community_censorship_status
FN:293,coloniz::community::community::CommunityComponent::CommunityImpl::set_community_fee_address
FNDA:7,coloniz::community::community::CommunityComponent::CommunityImpl::set_community_fee_address
FN:224,coloniz::community::community::CommunityComponent::CommunityImpl::set_community_metadata_uri
FNDA:7,coloniz::community::community::CommunityComponent::CommunityImpl::set_community_metadata_uri
FN:311,coloniz::community::community::CommunityComponent::CommunityImpl::upgrade_community
FNDA:42,coloniz::community::community::CommunityComponent::CommunityImpl::upgrade_community
FN:795,coloniz::community::community::CommunityComponent::Private::_add_community_mods
FNDA:66,coloniz::community::community::CommunityComponent::Private::_add_community_mods
FN:942,coloniz::community::community::CommunityComponent::Private::_burn_community_nft
FNDA:4,coloniz::community::community::CommunityComponent::Private::_burn_community_nft
FN:547,coloniz::community::community::CommunityComponent::Private::_create_community
FNDA:408,coloniz::community::community::CommunityComponent::Private::_create_community
FN:900,coloniz::community::community::CommunityComponent::Private::_deploy_community_nft
FNDA:204,coloniz::community::community::CommunityComponent::Private::_deploy_community_nft
FN:743,coloniz::community::community::CommunityComponent::Private::_enforce_gatekeeping
FNDA:174,coloniz::community::community::CommunityComponent::Private::_enforce_gatekeeping
FN:530,coloniz::community::community::CommunityComponent::Private::_initializer
FNDA:545,coloniz::community::community::CommunityComponent::Private::_initializer
FN:593,coloniz::community::community::CommunityComponent::Private::_join_community
FNDA:1323,coloniz::community::community::CommunityComponent::Private::_join_community
FN:638,coloniz::community::community::CommunityComponent::Private::_leave_community
FNDA:14,coloniz::community::community::CommunityComponent::Private::_leave_community
FN:928,coloniz::community::community::CommunityComponent::Private::_mint_community_nft
FNDA:378,coloniz::community::community::CommunityComponent::Private::_mint_community_nft
FN:725,coloniz::community::community::CommunityComponent::Private::_permissioned_gatekeeping
FNDA:36,coloniz::community::community::CommunityComponent::Private::_permissioned_gatekeeping
FN:827,coloniz::community::community::CommunityComponent::Private::_remove_community_mods
FNDA:18,coloniz::community::community::CommunityComponent::Private::_remove_community_mods
FN:861,coloniz::community::community::CommunityComponent::Private::_set_ban_status
FNDA:32,coloniz::community::community::CommunityComponent::Private::_set_ban_status
FN:680,coloniz::community::community::CommunityComponent::Private::_upgrade_community
FNDA:42,coloniz::community::community::CommunityComponent::Private::_upgrade_community
FNF:34
FNH:32
DA:160,102
DA:161,204
DA:162,408
DA:163,510
DA:166,204
DA:168,204
DA:172,204
DA:181,174
DA:182,609
DA:185,174
DA:186,174
DA:187,87
DA:188,87
DA:191,174
DA:194,174
DA:201,4
DA:202,14
DA:203,14
DA:207,4
DA:208,2
DA:210,4
DA:213,0
DA:215,0
DA:224,1
DA:225,7
DA:226,1
DA:227,2
DA:228,0
DA:232,7
DA:234,0
DA:236,4
DA:247,56
DA:248,16
DA:250,16
DA:261,14
DA:262,4
DA:264,4
DA:276,8
DA:277,28
DA:278,28
DA:281,4
DA:284,8
DA:293,1
DA:294,7
DA:295,2
DA:296,4
DA:311,42
DA:312,12
DA:314,12
DA:335,49
DA:336,14
DA:339,49
DA:340,19
DA:341,10
DA:342,4
DA:343,4
DA:349,0
DA:350,16
DA:352,4
DA:354,14
DA:361,7
DA:367,17
DA:368,6
DA:372,28
DA:375,14
DA:379,14
DA:381,14
DA:390,2
DA:391,14
DA:394,4
DA:398,8
DA:411,325
DA:419,1
DA:420,5
DA:421,0
DA:429,323
DA:430,1615
DA:431,646
DA:432,235
DA:434,88
DA:441,1
DA:442,5
DA:443,0
DA:451,6
DA:452,30
DA:454,6
DA:455,5
DA:457,1
DA:466,23
DA:467,115
DA:477,620
DA:486,0
DA:494,0
DA:495,0
DA:496,0
DA:504,5
DA:505,455
DA:507,182
DA:508,86
DA:511,0
DA:530,109
DA:531,436
DA:532,545
DA:547,102
DA:549,0
DA:551,0
DA:552,0
DA:557,0
DA:558,0
DA:559,0
DA:562,408
DA:563,408
DA:564,408
DA:565,408
DA:568,204
DA:574,204
DA:579,204
DA:593,378
DA:603,756
DA:605,1323
DA:606,378
DA:612,756
DA:615,378
DA:622,378
DA:638,14
DA:640,4
DA:644,0
DA:649,8
DA:650,4
DA:654,8
DA:657,4
DA:664,4
DA:680,42
DA:683,12
DA:687,0
DA:688,0
DA:689,6
DA:690,0
DA:698,12
DA:702,0
DA:704,24
DA:707,42
DA:708,12
DA:712,12
DA:714,12
DA:725,3
DA:727,0
DA:730,36
DA:731,36
DA:733,18
DA:734,18
DA:743,2
DA:745,174
DA:747,89
DA:748,85
DA:751,2
DA:755,3
DA:759,0
DA:762,0
DA:766,7
DA:767,0
DA:771,0
DA:773,1
DA:776,0
DA:782,2
DA:795,8
DA:796,0
DA:799,66
DA:800,28
DA:801,28
DA:802,14
DA:803,56
DA:806,28
DA:812,28
DA:815,28
DA:827,2
DA:828,0
DA:831,18
DA:832,8
DA:833,8
DA:834,4
DA:836,16
DA:839,8
DA:845,8
DA:848,8
DA:861,4
DA:862,4
DA:864,0
DA:867,32
DA:868,12
DA:869,12
DA:871,12
DA:872,6
DA:875,24
DA:878,12
DA:882,12
DA:885,12
DA:888,12
DA:900,102
DA:905,204
DA:906,0
DA:910,204
DA:915,204
DA:928,189
DA:929,378
DA:942,2
DA:943,4
LF:207
LH:174
end_of_record
TN:
SF:/Users/darlingtonnnam/Desktop/programming/Blockchain/Projects/cairo/cairo1.0/Karst/coloniz-core/src/community/communitynft.cairo
FN:92,coloniz::community::communitynft::CommunityNFT::CommunityNft::burn_nft
FNDA:14,coloniz::community::communitynft::CommunityNFT::CommunityNft::burn_nft
FN:107,coloniz::community::communitynft::CommunityNFT::CommunityNft::get_user_token_id
FNDA:0,coloniz::community::communitynft::CommunityNFT::CommunityNft::get_user_token_id
FN:76,coloniz::community::communitynft::CommunityNFT::CommunityNft::mint_nft
FNDA:945,coloniz::community::communitynft::CommunityNFT::CommunityNft::mint_nft
FN:114,coloniz::community::communitynft::CommunityNFT::CommunityNft::name
FNDA:0,coloniz::community::communitynft::CommunityNFT::CommunityNft::name
FN:125,coloniz::community::communitynft::CommunityNFT::CommunityNft::symbol
FNDA:0,coloniz::community::communitynft::CommunityNFT::CommunityNft::symbol
FN:129,coloniz::community::communitynft::CommunityNFT::CommunityNft::token_uri
FNDA:0,coloniz::community::communitynft::CommunityNFT::CommunityNft::token_uri
FN:64,coloniz::community::communitynft::CommunityNFT::constructor
FNDA:408,coloniz::community::communitynft::CommunityNFT::constructor
FNF:7
FNH:3
DA:64,102
DA:65,408
DA:76,189
DA:77,378
DA:78,567
DA:80,945
DA:81,378
DA:82,378
DA:83,756
DA:85,756
DA:86,756
DA:87,756
DA:92,2
DA:93,14
DA:94,4
DA:96,4
DA:97,4
DA:98,8
DA:107,0
DA:114,0
DA:115,0
DA:116,0
DA:117,0
DA:118,0
DA:119,0
DA:125,0
DA:129,0
DA:130,0
DA:131,0
LF:29
LH:18
end_of_record
TN:
SF:/Users/darlingtonnnam/Desktop/programming/Blockchain/Projects/cairo/cairo1.0/Karst/coloniz-core/src/follownft/follownft.cairo
FN:137,coloniz::follownft::follownft::Follow::FollowImpl::follow
FNDA:182,coloniz::follownft::follownft::Follow::FollowImpl::follow
FN:246,coloniz::follownft::follownft::Follow::FollowImpl::get_follow_data
FNDA:15,coloniz::follownft::follownft::Follow::FollowImpl::get_follow_data
FN:267,coloniz::follownft::follownft::Follow::FollowImpl::get_follow_id
FNDA:50,coloniz::follownft::follownft::Follow::FollowImpl::get_follow_id
FN:238,coloniz::follownft::follownft::Follow::FollowImpl::get_follow_timestamp
FNDA:0,coloniz::follownft::follownft::Follow::FollowImpl::get_follow_timestamp
FN:272,coloniz::follownft::follownft::Follow::FollowImpl::get_follower_count
FNDA:12,coloniz::follownft::follownft::Follow::FollowImpl::get_follower_count
FN:231,coloniz::follownft::follownft::Follow::FollowImpl::get_follower_profile_address
FNDA:20,coloniz::follownft::follownft::Follow::FollowImpl::get_follower_profile_address
FN:257,coloniz::follownft::follownft::Follow::FollowImpl::is_blocked
FNDA:50,coloniz::follownft::follownft::Follow::FollowImpl::is_blocked
FN:251,coloniz::follownft::follownft::Follow::FollowImpl::is_following
FNDA:30,coloniz::follownft::follownft::Follow::FollowImpl::is_following
FN:280,coloniz::follownft::follownft::Follow::FollowImpl::name
FNDA:1,coloniz::follownft::follownft::Follow::FollowImpl::name
FN:162,coloniz::follownft::follownft::Follow::FollowImpl::process_block
FNDA:28,coloniz::follownft::follownft::Follow::FollowImpl::process_block
FN:196,coloniz::follownft::follownft::Follow::FollowImpl::process_unblock
FNDA:21,coloniz::follownft::follownft::Follow::FollowImpl::process_unblock
FN:285,coloniz::follownft::follownft::Follow::FollowImpl::symbol
FNDA:1,coloniz::follownft::follownft::Follow::FollowImpl::symbol
FN:291,coloniz::follownft::follownft::Follow::FollowImpl::token_uri
FNDA:0,coloniz::follownft::follownft::Follow::FollowImpl::token_uri
FN:149,coloniz::follownft::follownft::Follow::FollowImpl::unfollow
FNDA:35,coloniz::follownft::follownft::Follow::FollowImpl::unfollow
FN:306,coloniz::follownft::follownft::Follow::Private::_follow
FNDA:130,coloniz::follownft::follownft::Follow::Private::_follow
FN:338,coloniz::follownft::follownft::Follow::Private::_unfollow
FNDA:40,coloniz::follownft::follownft::Follow::Private::_unfollow
FN:122,coloniz::follownft::follownft::Follow::constructor
FNDA:332,coloniz::follownft::follownft::Follow::constructor
FNF:17
FNH:15
DA:122,83
DA:123,332
DA:124,166
DA:125,332
DA:126,332
DA:137,130
DA:138,182
DA:141,78
DA:142,52
DA:149,25
DA:150,35
DA:153,15
DA:154,10
DA:162,20
DA:163,28
DA:166,12
DA:167,28
DA:168,16
DA:173,0
DA:176,0
DA:179,8
DA:182,16
DA:185,8
DA:188,4
DA:196,15
DA:197,21
DA:200,9
DA:201,21
DA:202,12
DA:207,0
DA:210,0
DA:213,6
DA:216,12
DA:219,6
DA:222,3
DA:231,4
DA:232,20
DA:233,0
DA:238,0
DA:239,0
DA:240,0
DA:246,15
DA:251,6
DA:252,30
DA:257,10
DA:258,50
DA:261,50
DA:267,50
DA:272,12
DA:280,1
DA:285,1
DA:291,0
DA:292,0
DA:293,0
DA:294,0
DA:306,130
DA:307,52
DA:309,52
DA:311,104
DA:314,0
DA:317,104
DA:320,104
DA:321,104
DA:322,52
DA:325,104
DA:328,52
DA:331,26
DA:338,10
DA:339,20
DA:340,20
DA:345,10
DA:346,10
DA:348,0
DA:351,40
DA:352,10
DA:355,20
DA:358,10
LF:77
LH:63
end_of_record
TN:
SF:/Users/darlingtonnnam/Desktop/programming/Blockchain/Projects/cairo/cairo1.0/Karst/coloniz-core/src/hub/hub.cairo
FN:254,coloniz::hub::hub::ColonizHub::Private::_follow
FNDA:12,coloniz::hub::hub::ColonizHub::Private::_follow
FN:294,coloniz::hub::hub::ColonizHub::Private::_set_block_status
FNDA:4,coloniz::hub::hub::ColonizHub::Private::_set_block_status
FN:277,coloniz::hub::hub::ColonizHub::Private::_unfollow
FNDA:4,coloniz::hub::hub::ColonizHub::Private::_unfollow
FN:149,coloniz::hub::hub::ColonizHub::colonizHubImpl::follow
FNDA:36,coloniz::hub::hub::ColonizHub::colonizHubImpl::follow
FN:236,coloniz::hub::hub::ColonizHub::colonizHubImpl::get_handle
FNDA:4,coloniz::hub::hub::ColonizHub::colonizHubImpl::get_handle
FN:227,coloniz::hub::hub::ColonizHub::colonizHubImpl::get_handle_id
FNDA:4,coloniz::hub::hub::ColonizHub::colonizHubImpl::get_handle_id
FN:218,coloniz::hub::hub::ColonizHub::colonizHubImpl::is_blocked
FNDA:4,coloniz::hub::hub::ColonizHub::colonizHubImpl::is_blocked
FN:205,coloniz::hub::hub::ColonizHub::colonizHubImpl::is_following
FNDA:8,coloniz::hub::hub::ColonizHub::colonizHubImpl::is_following
FN:184,coloniz::hub::hub::ColonizHub::colonizHubImpl::set_block_status
FNDA:16,coloniz::hub::hub::ColonizHub::colonizHubImpl::set_block_status
FN:167,coloniz::hub::hub::ColonizHub::colonizHubImpl::unfollow
FNDA:12,coloniz::hub::hub::ColonizHub::colonizHubImpl::unfollow
FN:126,coloniz::hub::hub::ColonizHub::constructor
FNDA:28,coloniz::hub::hub::ColonizHub::constructor
FNF:11
FNH:11
DA:126,7
DA:127,14
DA:130,14
DA:132,28
DA:133,28
DA:134,14
DA:135,14
DA:136,14
DA:137,14
DA:149,3
DA:150,6
DA:151,0
DA:154,36
DA:155,6
DA:156,12
DA:157,6
DA:167,1
DA:168,0
DA:170,12
DA:171,2
DA:172,4
DA:173,4
DA:184,2
DA:185,4
DA:186,0
DA:188,16
DA:189,2
DA:190,4
DA:205,8
DA:206,0
DA:207,8
DA:218,4
DA:219,0
DA:220,4
DA:227,4
DA:229,2
DA:236,4
DA:238,2
DA:254,6
DA:256,12
DA:257,6
DA:261,12
DA:264,12
DA:267,12
DA:277,2
DA:278,4
DA:279,0
DA:282,4
DA:294,2
DA:295,4
DA:296,0
DA:299,2
DA:300,2
DA:302,2
LF:54
LH:47
end_of_record
TN:
SF:/Users/darlingtonnnam/Desktop/programming/Blockchain/Projects/cairo/cairo1.0/Karst/coloniz-core/src/jolt/jolt.cairo
FN:241,coloniz::jolt::jolt::JoltComponent::JoltImpl::auto_renew
FNDA:18,coloniz::jolt::jolt::JoltComponent::JoltImpl::auto_renew
FN:365,coloniz::jolt::jolt::JoltComponent::JoltImpl::cancel_auto_renewal
FNDA:4,coloniz::jolt::jolt::JoltComponent::JoltImpl::cancel_auto_renewal
FN:255,coloniz::jolt::jolt::JoltComponent::JoltImpl::create_subscription
FNDA:68,coloniz::jolt::jolt::JoltComponent::JoltImpl::create_subscription
FN:216,coloniz::jolt::jolt::JoltComponent::JoltImpl::fulfill_request
FNDA:28,coloniz::jolt::jolt::JoltComponent::JoltImpl::fulfill_request
FN:409,coloniz::jolt::jolt::JoltComponent::JoltImpl::get_fee_address
FNDA:4,coloniz::jolt::jolt::JoltComponent::JoltImpl::get_fee_address
FN:385,coloniz::jolt::jolt::JoltComponent::JoltImpl::get_jolt
FNDA:30,coloniz::jolt::jolt::JoltComponent::JoltImpl::get_jolt
FN:403,coloniz::jolt::jolt::JoltComponent::JoltImpl::get_renewal_iterations
FNDA:15,coloniz::jolt::jolt::JoltComponent::JoltImpl::get_renewal_iterations
FN:394,coloniz::jolt::jolt::JoltComponent::JoltImpl::get_subscription_data
FNDA:40,coloniz::jolt::jolt::JoltComponent::JoltImpl::get_subscription_data
FN:417,coloniz::jolt::jolt::JoltComponent::JoltImpl::is_whitelisted_renewer
FNDA:30,coloniz::jolt::jolt::JoltComponent::JoltImpl::is_whitelisted_renewer
FN:123,coloniz::jolt::jolt::JoltComponent::JoltImpl::jolt
FNDA:112,coloniz::jolt::jolt::JoltComponent::JoltImpl::jolt
FN:360,coloniz::jolt::jolt::JoltComponent::JoltImpl::remove_whitelisted_renewers
FNDA:0,coloniz::jolt::jolt::JoltComponent::JoltImpl::remove_whitelisted_renewers
FN:341,coloniz::jolt::jolt::JoltComponent::JoltImpl::set_fee_address
FNDA:4,coloniz::jolt::jolt::JoltComponent::JoltImpl::set_fee_address
FN:351,coloniz::jolt::jolt::JoltComponent::JoltImpl::set_whitelisted_renewers
FNDA:6,coloniz::jolt::jolt::JoltComponent::JoltImpl::set_whitelisted_renewers
FN:306,coloniz::jolt::jolt::JoltComponent::JoltImpl::update_subscription
FNDA:7,coloniz::jolt::jolt::JoltComponent::JoltImpl::update_subscription
FN:656,coloniz::jolt::jolt::JoltComponent::Private::_auto_renew
FNDA:42,coloniz::jolt::jolt::JoltComponent::Private::_auto_renew
FN:621,coloniz::jolt::jolt::JoltComponent::Private::_fulfill_request
FNDA:12,coloniz::jolt::jolt::JoltComponent::Private::_fulfill_request
FN:433,coloniz::jolt::jolt::JoltComponent::Private::_initializer
FNDA:210,coloniz::jolt::jolt::JoltComponent::Private::_initializer
FN:586,coloniz::jolt::jolt::JoltComponent::Private::_request
FNDA:21,coloniz::jolt::jolt::JoltComponent::Private::_request
FN:743,coloniz::jolt::jolt::JoltComponent::Private::_set_whitelisted_renewers_status
FNDA:18,coloniz::jolt::jolt::JoltComponent::Private::_set_whitelisted_renewers_status
FN:531,coloniz::jolt::jolt::JoltComponent::Private::_subscribe
FNDA:84,coloniz::jolt::jolt::JoltComponent::Private::_subscribe
FN:452,coloniz::jolt::jolt::JoltComponent::Private::_tip
FNDA:10,coloniz::jolt::jolt::JoltComponent::Private::_tip
FN:490,coloniz::jolt::jolt::JoltComponent::Private::_transfer
FNDA:8,coloniz::jolt::jolt::JoltComponent::Private::_transfer
FN:727,coloniz::jolt::jolt::JoltComponent::Private::_transfer_helper
FNDA:90,coloniz::jolt::jolt::JoltComponent::Private::_transfer_helper
FNF:23
FNH:22
DA:123,56
DA:124,56
DA:125,56
DA:128,84
DA:129,28
DA:130,28
DA:131,28
DA:132,0
DA:136,56
DA:142,0
DA:143,56
DA:145,10
DA:156,8
DA:167,0
DA:169,24
DA:181,14
DA:208,112
DA:209,28
DA:216,28
DA:217,8
DA:220,8
DA:221,8
DA:222,4
DA:225,12
DA:226,0
DA:227,4
DA:228,1
DA:232,6
DA:241,18
DA:242,6
DA:243,12
DA:255,17
DA:256,34
DA:257,34
DA:266,51
DA:267,17
DA:268,17
DA:269,17
DA:270,0
DA:273,34
DA:276,68
DA:279,34
DA:287,34
DA:306,1
DA:307,7
DA:308,2
DA:318,4
DA:321,2
DA:329,2
DA:341,1
DA:342,2
DA:343,4
DA:351,6
DA:352,6
DA:360,0
DA:361,0
DA:365,2
DA:366,4
DA:369,2
DA:372,2
DA:385,30
DA:394,40
DA:403,15
DA:409,4
DA:417,30
DA:433,105
DA:435,210
DA:452,5
DA:454,10
DA:455,10
DA:458,10
DA:461,10
DA:468,10
DA:473,0
DA:490,4
DA:492,8
DA:493,8
DA:496,8
DA:499,8
DA:506,8
DA:511,0
DA:531,12
DA:533,24
DA:535,18
DA:537,12
DA:538,42
DA:539,18
DA:541,24
DA:545,84
DA:546,24
DA:550,0
DA:555,24
DA:562,24
DA:567,0
DA:586,7
DA:589,14
DA:590,14
DA:591,21
DA:594,14
DA:602,14
DA:607,0
DA:621,6
DA:623,0
DA:630,0
DA:631,12
DA:634,6
DA:642,6
DA:646,3
DA:656,12
DA:657,42
DA:658,42
DA:661,12
DA:664,0
DA:667,12
DA:670,18
DA:671,6
DA:672,6
DA:673,6
DA:674,0
DA:678,12
DA:681,30
DA:686,0
DA:689,6
DA:691,0
DA:693,12
DA:698,24
DA:701,12
DA:708,12
DA:713,6
DA:727,30
DA:731,90
DA:732,60
DA:735,60
DA:743,3
DA:744,0
DA:747,18
DA:748,15
DA:750,6
LF:138
LH:119
end_of_record
TN:
SF:/Users/darlingtonnnam/Desktop/programming/Blockchain/Projects/cairo/cairo1.0/Karst/coloniz-core/src/mocks/ERC20.cairo
FN:27,coloniz::mocks::ERC20::USDT::constructor
FNDA:196,coloniz::mocks::ERC20::USDT::constructor
FNF:1
FNH:1
DA:27,98
DA:28,98
DA:29,98
DA:31,196
DA:32,196
LF:5
LH:5
end_of_record
TN:
SF:/Users/darlingtonnnam/Desktop/programming/Blockchain/Projects/cairo/cairo1.0/Karst/coloniz-core/src/mocks/ERC721.cairo
FN:46,coloniz::mocks::ERC721::ERC721::ERC721Impl::mint
FNDA:2,coloniz::mocks::ERC721::ERC721::ERC721Impl::mint
FN:40,coloniz::mocks::ERC721::ERC721::constructor
FNDA:2,coloniz::mocks::ERC721::ERC721::constructor
FNF:2
FNH:2
DA:40,1
DA:41,2
DA:46,1
DA:47,2
LF:4
LH:4
end_of_record
TN:
SF:/Users/darlingtonnnam/Desktop/programming/Blockchain/Projects/cairo/cairo1.0/Karst/coloniz-core/src/mocks/registry.cairo
FN:53,coloniz::mocks::registry::Registry::IRegistryImpl::create_account
FNDA:126,coloniz::mocks::registry::Registry::IRegistryImpl::create_account
FN:87,coloniz::mocks::registry::Registry::IRegistryImpl::get_account
FNDA:0,coloniz::mocks::registry::Registry::IRegistryImpl::get_account
FN:123,coloniz::mocks::registry::Registry::internalImpl::_get_owner
FNDA:126,coloniz::mocks::registry::Registry::internalImpl::_get_owner
FNF:3
FNH:2
DA:53,63
DA:54,126
DA:55,126
DA:66,126
DA:67,63
DA:68,126
DA:70,126
DA:87,0
DA:88,0
DA:89,0
DA:90,0
DA:91,0
DA:98,0
DA:107,0
DA:123,63
DA:124,63
DA:125,63
DA:126,0
DA:128,126
DA:129,0
DA:131,126
DA:132,126
LF:22
LH:13
end_of_record
TN:
SF:/Users/darlingtonnnam/Desktop/programming/Blockchain/Projects/cairo/cairo1.0/Karst/coloniz-core/src/namespaces/handle_registry.cairo
FN:99,coloniz::namespaces::handle_registry::HandleRegistry::HandleRegistryImpl::get_handle
FNDA:15,coloniz::namespaces::handle_registry::HandleRegistry::HandleRegistryImpl::get_handle
FN:72,coloniz::namespaces::handle_registry::HandleRegistry::HandleRegistryImpl::link
FNDA:28,coloniz::namespaces::handle_registry::HandleRegistry::HandleRegistryImpl::link
FN:90,coloniz::namespaces::handle_registry::HandleRegistry::HandleRegistryImpl::resolve
FNDA:5,coloniz::namespaces::handle_registry::HandleRegistry::HandleRegistryImpl::resolve
FN:79,coloniz::namespaces::handle_registry::HandleRegistry::HandleRegistryImpl::unlink
FNDA:4,coloniz::namespaces::handle_registry::HandleRegistry::HandleRegistryImpl::unlink
FN:112,coloniz::namespaces::handle_registry::HandleRegistry::Private::_link
FNDA:98,coloniz::namespaces::handle_registry::HandleRegistry::Private::_link
FN:143,coloniz::namespaces::handle_registry::HandleRegistry::Private::_unlink
FNDA:10,coloniz::namespaces::handle_registry::HandleRegistry::Private::_unlink
FN:59,coloniz::namespaces::handle_registry::HandleRegistry::constructor
FNDA:64,coloniz::namespaces::handle_registry::HandleRegistry::constructor
FNF:7
FNH:7
DA:59,16
DA:60,64
DA:72,28
DA:79,4
DA:80,4
DA:90,5
DA:92,1
DA:93,5
DA:99,15
DA:112,70
DA:114,98
DA:116,14
DA:117,28
DA:119,56
DA:120,56
DA:122,28
DA:127,28
DA:128,28
DA:143,10
DA:145,2
DA:147,8
DA:148,8
DA:150,4
DA:155,4
DA:156,4
LF:25
LH:25
end_of_record
TN:
SF:/Users/darlingtonnnam/Desktop/programming/Blockchain/Projects/cairo/cairo1.0/Karst/coloniz-core/src/namespaces/handles.cairo
FN:133,coloniz::namespaces::handles::Handles::HandlesImpl::burn_handle
FNDA:21,coloniz::namespaces::handles::Handles::HandlesImpl::burn_handle
FN:178,coloniz::namespaces::handles::Handles::HandlesImpl::exists
FNDA:12,coloniz::namespaces::handles::Handles::HandlesImpl::exists
FN:167,coloniz::namespaces::handles::Handles::HandlesImpl::get_handle
FNDA:6,coloniz::namespaces::handles::Handles::HandlesImpl::get_handle
FN:161,coloniz::namespaces::handles::Handles::HandlesImpl::get_local_name
FNDA:15,coloniz::namespaces::handles::Handles::HandlesImpl::get_local_name
FN:155,coloniz::namespaces::handles::Handles::HandlesImpl::get_namespace
FNDA:0,coloniz::namespaces::handles::Handles::HandlesImpl::get_namespace
FN:189,coloniz::namespaces::handles::Handles::HandlesImpl::get_token_id
FNDA:48,coloniz::namespaces::handles::Handles::HandlesImpl::get_token_id
FN:124,coloniz::namespaces::handles::Handles::HandlesImpl::mint_handle
FNDA:46,coloniz::namespaces::handles::Handles::HandlesImpl::mint_handle
FN:202,coloniz::namespaces::handles::Handles::HandlesImpl::name
FNDA:0,coloniz::namespaces::handles::Handles::HandlesImpl::name
FN:207,coloniz::namespaces::handles::Handles::HandlesImpl::symbol
FNDA:0,coloniz::namespaces::handles::Handles::HandlesImpl::symbol
FN:214,coloniz::namespaces::handles::Handles::HandlesImpl::token_uri
FNDA:0,coloniz::namespaces::handles::Handles::HandlesImpl::token_uri
FN:183,coloniz::namespaces::handles::Handles::HandlesImpl::total_supply
FNDA:12,coloniz::namespaces::handles::Handles::HandlesImpl::total_supply
FN:276,coloniz::namespaces::handles::Handles::Private::_is_alpha_numeric
FNDA:336,coloniz::namespaces::handles::Handles::Private::_is_alpha_numeric
FN:228,coloniz::namespaces::handles::Handles::Private::_mint_handle
FNDA:92,coloniz::namespaces::handles::Handles::Private::_mint_handle
FN:253,coloniz::namespaces::handles::Handles::Private::_validate_local_name
FNDA:293,coloniz::namespaces::handles::Handles::Private::_validate_local_name
FN:110,coloniz::namespaces::handles::Handles::constructor
FNDA:116,coloniz::namespaces::handles::Handles::constructor
FNF:15
FNH:11
DA:110,29
DA:111,116
DA:112,58
DA:124,46
DA:125,46
DA:126,46
DA:133,9
DA:134,12
DA:135,21
DA:136,6
DA:137,15
DA:138,12
DA:139,6
DA:143,6
DA:145,6
DA:155,0
DA:161,15
DA:167,4
DA:168,4
DA:169,4
DA:170,4
DA:171,6
DA:178,12
DA:183,12
DA:189,48
DA:202,0
DA:207,0
DA:214,0
DA:228,23
DA:229,46
DA:230,92
DA:231,46
DA:232,92
DA:234,46
DA:235,92
DA:237,46
DA:243,46
DA:253,23
DA:256,293
DA:257,270
DA:258,23
DA:260,224
DA:261,0
DA:262,224
DA:266,224
DA:271,69
DA:276,0
DA:277,336
LF:48
LH:42
end_of_record
TN:
SF:/Users/darlingtonnnam/Desktop/programming/Blockchain/Projects/cairo/cairo1.0/Karst/coloniz-core/src/presets/channel.cairo
FN:49,coloniz::presets::channel::ColonizChannel::constructor
FNDA:70,coloniz::presets::channel::ColonizChannel::constructor
FNF:1
FNH:1
DA:49,35
DA:50,70
DA:51,70
LF:3
LH:3
end_of_record
TN:
SF:/Users/darlingtonnnam/Desktop/programming/Blockchain/Projects/cairo/cairo1.0/Karst/coloniz-core/src/presets/community.cairo
FN:43,coloniz::presets::community::ColonizCommunity::constructor
FNDA:80,coloniz::presets::community::ColonizCommunity::constructor
FNF:1
FNH:1
DA:43,40
DA:44,80
DA:45,80
LF:3
LH:3
end_of_record
TN:
SF:/Users/darlingtonnnam/Desktop/programming/Blockchain/Projects/cairo/cairo1.0/Karst/coloniz-core/src/presets/jolt.cairo
FN:32,coloniz::presets::jolt::Jolt::constructor
FNDA:62,coloniz::presets::jolt::Jolt::constructor
FNF:1
FNH:1
DA:32,31
DA:33,62
LF:2
LH:2
end_of_record
TN:
SF:/Users/darlingtonnnam/Desktop/programming/Blockchain/Projects/cairo/cairo1.0/Karst/coloniz-core/src/presets/profile.cairo
FN:31,coloniz::presets::profile::ColonizProfile::constructor
FNDA:6,coloniz::presets::profile::ColonizProfile::constructor
FNF:1
FNH:1
DA:31,3
DA:32,6
LF:2
LH:2
end_of_record
TN:
SF:/Users/darlingtonnnam/Desktop/programming/Blockchain/Projects/cairo/cairo1.0/Karst/coloniz-core/src/presets/publication.cairo
FN:82,coloniz::presets::publication::ColonizPublication::constructor
FNDA:54,coloniz::presets::publication::ColonizPublication::constructor
FNF:1
FNH:1
DA:82,27
DA:83,54
DA:84,54
DA:85,54
DA:86,54
DA:87,54
LF:6
LH:6
end_of_record
TN:
SF:/Users/darlingtonnnam/Desktop/programming/Blockchain/Projects/cairo/cairo1.0/Karst/coloniz-core/src/profile/profile.cairo
FN:184,coloniz::profile::profile::ProfileComponent::Private::_initializer
FNDA:185,coloniz::profile::profile::ProfileComponent::Private::_initializer
FN:194,coloniz::profile::profile::ProfileComponent::Private::increment_publication_count
FNDA:224,coloniz::profile::profile::ProfileComponent::Private::increment_publication_count
FN:69,coloniz::profile::profile::ProfileComponent::ProfileImpl::create_profile
FNDA:252,coloniz::profile::profile::ProfileComponent::ProfileImpl::create_profile
FN:152,coloniz::profile::profile::ProfileComponent::ProfileImpl::get_profile
FNDA:245,coloniz::profile::profile::ProfileComponent::ProfileImpl::get_profile
FN:159,coloniz::profile::profile::ProfileComponent::ProfileImpl::get_profile_metadata
FNDA:5,coloniz::profile::profile::ProfileComponent::ProfileImpl::get_profile_metadata
FN:168,coloniz::profile::profile::ProfileComponent::ProfileImpl::get_user_publication_count
FNDA:0,coloniz::profile::profile::ProfileComponent::ProfileImpl::get_user_publication_count
FN:135,coloniz::profile::profile::ProfileComponent::ProfileImpl::set_profile_metadata_uri
FNDA:7,coloniz::profile::profile::ProfileComponent::ProfileImpl::set_profile_metadata_uri
FNF:7
FNH:6
DA:69,63
DA:71,126
DA:72,126
DA:76,126
DA:77,126
DA:80,126
DA:82,126
DA:83,0
DA:85,126
DA:86,126
DA:96,126
DA:97,252
DA:98,63
DA:99,0
DA:100,0
DA:109,63
DA:114,252
DA:115,126
DA:121,126
DA:135,1
DA:136,7
DA:137,2
DA:140,4
DA:152,245
DA:159,1
DA:160,5
DA:161,0
DA:168,0
DA:169,0
DA:170,0
DA:184,37
DA:185,148
DA:186,148
DA:187,185
DA:194,32
DA:195,224
DA:196,64
DA:199,128
LF:38
LH:31
end_of_record
TN:
SF:/Users/darlingtonnnam/Desktop/programming/Blockchain/Projects/cairo/cairo1.0/Karst/coloniz-core/src/publication/collectnft.cairo
FN:135,coloniz::publication::collectnft::CollectNFT::CollectNFTImpl::get_last_minted_id
FNDA:0,coloniz::publication::collectnft::CollectNFT::CollectNFTImpl::get_last_minted_id
FN:139,coloniz::publication::collectnft::CollectNFT::CollectNFTImpl::get_source_publication_pointer
FNDA:0,coloniz::publication::collectnft::CollectNFT::CollectNFTImpl::get_source_publication_pointer
FN:130,coloniz::publication::collectnft::CollectNFT::CollectNFTImpl::get_token_mint_timestamp
FNDA:0,coloniz::publication::collectnft::CollectNFT::CollectNFTImpl::get_token_mint_timestamp
FN:126,coloniz::publication::collectnft::CollectNFT::CollectNFTImpl::get_user_token_id
FNDA:10,coloniz::publication::collectnft::CollectNFT::CollectNFTImpl::get_user_token_id
FN:107,coloniz::publication::collectnft::CollectNFT::CollectNFTImpl::mint_nft
FNDA:10,coloniz::publication::collectnft::CollectNFT::CollectNFTImpl::mint_nft
FN:148,coloniz::publication::collectnft::CollectNFT::CollectNFTImpl::name
FNDA:0,coloniz::publication::collectnft::CollectNFT::CollectNFTImpl::name
FN:162,coloniz::publication::collectnft::CollectNFT::CollectNFTImpl::symbol
FNDA:0,coloniz::publication::collectnft::CollectNFT::CollectNFTImpl::symbol
FN:167,coloniz::publication::collectnft::CollectNFT::CollectNFTImpl::token_uri
FNDA:0,coloniz::publication::collectnft::CollectNFT::CollectNFTImpl::token_uri
FN:94,coloniz::publication::collectnft::CollectNFT::constructor
FNDA:4,coloniz::publication::collectnft::CollectNFT::constructor
FNF:9
FNH:3
DA:94,1
DA:95,4
DA:96,4
DA:97,4
DA:107,2
DA:108,4
DA:109,6
DA:111,10
DA:112,4
DA:113,4
DA:114,8
DA:115,8
DA:116,8
DA:117,8
DA:126,10
DA:130,0
DA:135,0
DA:139,0
DA:140,0
DA:141,0
DA:148,0
DA:149,0
DA:150,0
DA:151,0
DA:152,0
DA:153,0
DA:154,0
DA:155,0
DA:156,0
DA:162,0
DA:167,0
DA:168,0
DA:169,0
DA:170,0
DA:171,0
LF:35
LH:15
end_of_record
TN:
SF:/Users/darlingtonnnam/Desktop/programming/Blockchain/Projects/cairo/cairo1.0/Karst/coloniz-core/src/publication/publication.cairo
FN:641,coloniz::publication::publication::PublicationComponent::InternalImpl::_as_reference_pub_params
FNDA:2,coloniz::publication::publication::PublicationComponent::InternalImpl::_as_reference_pub_params
FN:815,coloniz::publication::publication::PublicationComponent::InternalImpl::_check_channel_approval
FNDA:12,coloniz::publication::publication::PublicationComponent::InternalImpl::_check_channel_approval
FN:798,coloniz::publication::publication::PublicationComponent::InternalImpl::_check_community_approval
FNDA:44,coloniz::publication::publication::PublicationComponent::InternalImpl::_check_community_approval
FN:622,coloniz::publication::publication::PublicationComponent::InternalImpl::_create_reference_publication
FNDA:8,coloniz::publication::publication::PublicationComponent::InternalImpl::_create_reference_publication
FN:720,coloniz::publication::publication::PublicationComponent::InternalImpl::_deploy_collect_nft
FNDA:2,coloniz::publication::publication::PublicationComponent::InternalImpl::_deploy_collect_nft
FN:559,coloniz::publication::publication::PublicationComponent::InternalImpl::_fill_reference_publication
FNDA:28,coloniz::publication::publication::PublicationComponent::InternalImpl::_fill_reference_publication
FN:679,coloniz::publication::publication::PublicationComponent::InternalImpl::_get_content_URI
FNDA:5,coloniz::publication::publication::PublicationComponent::InternalImpl::_get_content_URI
FN:749,coloniz::publication::publication::PublicationComponent::InternalImpl::_get_or_deploy_collect_nft
FNDA:8,coloniz::publication::publication::PublicationComponent::InternalImpl::_get_or_deploy_collect_nft
FN:667,coloniz::publication::publication::PublicationComponent::InternalImpl::_get_publication_type
FNDA:25,coloniz::publication::publication::PublicationComponent::InternalImpl::_get_publication_type
FN:542,coloniz::publication::publication::PublicationComponent::InternalImpl::_initializer
FNDA:135,coloniz::publication::publication::PublicationComponent::InternalImpl::_initializer
FN:786,coloniz::publication::publication::PublicationComponent::InternalImpl::_mint_collect_nft
FNDA:4,coloniz::publication::publication::PublicationComponent::InternalImpl::_mint_collect_nft
FN:835,coloniz::publication::publication::PublicationComponent::InternalImpl::_validate_channel_membership_and_ban_status
FNDA:12,coloniz::publication::publication::PublicationComponent::InternalImpl::_validate_channel_membership_and_ban_status
FN:853,coloniz::publication::publication::PublicationComponent::InternalImpl::_validate_community_membership_and_ban_status
FNDA:70,coloniz::publication::publication::PublicationComponent::InternalImpl::_validate_community_membership_and_ban_status
FN:652,coloniz::publication::publication::PublicationComponent::InternalImpl::_validate_pointed_pub
FNDA:12,coloniz::publication::publication::PublicationComponent::InternalImpl::_validate_pointed_pub
FN:432,coloniz::publication::publication::PublicationComponent::PublicationsImpl::collect
FNDA:6,coloniz::publication::publication::PublicationComponent::PublicationsImpl::collect
FN:217,coloniz::publication::publication::PublicationComponent::PublicationsImpl::comment
FNDA:6,coloniz::publication::publication::PublicationComponent::PublicationsImpl::comment
FN:354,coloniz::publication::publication::PublicationComponent::PublicationsImpl::downvote
FNDA:21,coloniz::publication::publication::PublicationComponent::PublicationsImpl::downvote
FN:510,coloniz::publication::publication::PublicationComponent::PublicationsImpl::get_downvote_count
FNDA:2,coloniz::publication::publication::PublicationComponent::PublicationsImpl::get_downvote_count
FN:481,coloniz::publication::publication::PublicationComponent::PublicationsImpl::get_publication
FNDA:155,coloniz::publication::publication::PublicationComponent::PublicationsImpl::get_publication
FN:470,coloniz::publication::publication::PublicationComponent::PublicationsImpl::get_publication_content_uri
FNDA:2,coloniz::publication::publication::PublicationComponent::PublicationsImpl::get_publication_content_uri
FN:492,coloniz::publication::publication::PublicationComponent::PublicationsImpl::get_publication_type
FNDA:2,coloniz::publication::publication::PublicationComponent::PublicationsImpl::get_publication_type
FN:519,coloniz::publication::publication::PublicationComponent::PublicationsImpl::get_tipped_amount
FNDA:2,coloniz::publication::publication::PublicationComponent::PublicationsImpl::get_tipped_amount
FN:501,coloniz::publication::publication::PublicationComponent::PublicationsImpl::get_upvote_count
FNDA:2,coloniz::publication::publication::PublicationComponent::PublicationsImpl::get_upvote_count
FN:141,coloniz::publication::publication::PublicationComponent::PublicationsImpl::post
FNDA:112,coloniz::publication::publication::PublicationComponent::PublicationsImpl::post
FN:263,coloniz::publication::publication::PublicationComponent::PublicationsImpl::repost
FNDA:6,coloniz::publication::publication::PublicationComponent::PublicationsImpl::repost
FN:395,coloniz::publication::publication::PublicationComponent::PublicationsImpl::tip
FNDA:4,coloniz::publication::publication::PublicationComponent::PublicationsImpl::tip
FN:316,coloniz::publication::publication::PublicationComponent::PublicationsImpl::upvote
FNDA:21,coloniz::publication::publication::PublicationComponent::PublicationsImpl::upvote
FNF:27
FNH:27
DA:141,28
DA:146,56
DA:149,56
DA:150,0
DA:154,56
DA:158,56
DA:163,56
DA:166,0
DA:167,56
DA:172,56
DA:179,84
DA:180,44
DA:187,12
DA:195,112
DA:198,56
DA:204,56
DA:217,2
DA:218,4
DA:219,0
DA:222,6
DA:223,4
DA:228,0
DA:233,4
DA:235,4
DA:236,2
DA:237,0
DA:238,4
DA:240,4
DA:249,4
DA:255,4
DA:263,2
DA:264,4
DA:265,0
DA:267,6
DA:268,4
DA:273,0
DA:278,4
DA:280,2
DA:281,4
DA:283,0
DA:286,4
DA:289,0
DA:292,0
DA:295,4
DA:301,4
DA:316,6
DA:317,9
DA:318,21
DA:320,9
DA:321,6
DA:326,0
DA:329,6
DA:330,3
DA:333,12
DA:334,12
DA:336,6
DA:341,6
DA:354,6
DA:355,9
DA:356,21
DA:358,9
DA:359,6
DA:364,0
DA:367,6
DA:368,3
DA:373,12
DA:374,12
DA:375,6
DA:380,6
DA:395,1
DA:396,2
DA:397,2
DA:399,3
DA:400,2
DA:405,0
DA:409,0
DA:411,1
DA:414,0
DA:418,2
DA:421,4
DA:432,2
DA:433,4
DA:434,4
DA:436,6
DA:437,4
DA:442,0
DA:445,4
DA:446,4
DA:448,4
DA:452,4
DA:454,4
DA:470,2
DA:481,155
DA:492,2
DA:501,1
DA:502,2
DA:510,1
DA:511,2
DA:519,1
DA:520,2
DA:542,27
DA:543,135
DA:559,4
DA:560,4
DA:562,8
DA:563,28
DA:567,8
DA:568,8
DA:570,8
DA:572,0
DA:573,0
DA:577,8
DA:585,0
DA:598,8
DA:604,16
DA:622,8
DA:624,8
DA:641,2
DA:642,2
DA:643,0
DA:652,4
DA:653,8
DA:654,12
DA:655,4
DA:667,5
DA:668,25
DA:671,0
DA:679,1
DA:680,5
DA:681,0
DA:683,2
DA:684,0
DA:686,2
DA:687,0
DA:690,0
DA:691,0
DA:693,5
DA:694,0
DA:695,1
DA:720,1
DA:725,1
DA:726,0
DA:728,2
DA:730,2
DA:736,2
DA:749,2
DA:750,4
DA:751,8
DA:752,0
DA:754,5
DA:756,2
DA:758,2
DA:762,3
DA:773,4
DA:775,4
DA:786,2
DA:787,4
DA:798,22
DA:801,44
DA:805,44
DA:807,22
DA:815,6
DA:817,12
DA:820,12
DA:822,6
DA:835,12
DA:837,12
DA:840,6
DA:841,6
DA:853,70
DA:855,70
DA:857,35
DA:858,35
LF:173
LH:144
end_of_record
TN:
SF:/Users/darlingtonnnam/Desktop/programming/Blockchain/Projects/cairo/cairo1.0/Karst/coloniz-core/tests/test_channel.cairo
FN:29,coloniz_integrationtest::test_channel::__setup__
FNDA:105,coloniz_integrationtest::test_channel::__setup__
FNF:1
FNH:1
DA:29,105
DA:30,105
DA:32,105
DA:36,105
DA:37,0
DA:39,35
LF:6
LH:5
end_of_record
TN:
SF:/Users/darlingtonnnam/Desktop/programming/Blockchain/Projects/cairo/cairo1.0/Karst/coloniz-core/tests/test_coloniznft.cairo
FN:18,coloniz_integrationtest::test_coloniznft::__setup__
FNDA:18,coloniz_integrationtest::test_coloniznft::__setup__
FNF:1
FNH:1
DA:18,6
DA:19,18
DA:21,18
LF:3
LH:3
end_of_record
TN:
SF:/Users/darlingtonnnam/Desktop/programming/Blockchain/Projects/cairo/cairo1.0/Karst/coloniz-core/tests/test_community.cairo
FN:36,coloniz_integrationtest::test_community::__setup__
FNDA:120,coloniz_integrationtest::test_community::__setup__
FNF:1
FNH:1
DA:36,120
DA:39,120
DA:43,120
DA:44,0
DA:48,120
DA:49,120
DA:53,40
LF:7
LH:6
end_of_record
TN:
SF:/Users/darlingtonnnam/Desktop/programming/Blockchain/Projects/cairo/cairo1.0/Karst/coloniz-core/tests/test_follownft.cairo
FN:32,coloniz_integrationtest::test_follownft::__setup__
FNDA:60,coloniz_integrationtest::test_follownft::__setup__
FNF:1
FNH:1
DA:32,60
DA:34,60
DA:35,0
DA:37,20
LF:4
LH:3
end_of_record
TN:
SF:/Users/darlingtonnnam/Desktop/programming/Blockchain/Projects/cairo/cairo1.0/Karst/coloniz-core/tests/test_handle.cairo
FN:30,coloniz_integrationtest::test_handle::__setup__
FNDA:39,coloniz_integrationtest::test_handle::__setup__
FNF:1
FNH:1
DA:30,13
DA:32,39
DA:34,39
LF:3
LH:3
end_of_record
TN:
SF:/Users/darlingtonnnam/Desktop/programming/Blockchain/Projects/cairo/cairo1.0/Karst/coloniz-core/tests/test_handle_registry.cairo
FN:33,coloniz_integrationtest::test_handle_registry::__setup__
FNDA:27,coloniz_integrationtest::test_handle_registry::__setup__
FNF:1
FNH:1
DA:33,27
DA:35,27
DA:38,27
DA:40,27
DA:41,0
DA:44,9
LF:6
LH:5
end_of_record
TN:
SF:/Users/darlingtonnnam/Desktop/programming/Blockchain/Projects/cairo/cairo1.0/Karst/coloniz-core/tests/test_hub.cairo
FN:32,coloniz_integrationtest::test_hub::__setup__
FNDA:21,coloniz_integrationtest::test_hub::__setup__
FNF:1
FNH:1
DA:32,21
DA:34,21
DA:37,21
DA:39,21
DA:42,21
DA:44,21
DA:45,0
DA:49,21
DA:52,21
DA:55,21
DA:57,21
DA:60,21
DA:63,21
DA:66,21
DA:77,21
DA:81,21
DA:82,14
DA:85,7
DA:86,7
DA:89,14
DA:91,21
DA:92,14
DA:95,7
DA:96,7
DA:100,14
DA:102,21
DA:103,14
DA:106,7
DA:107,7
DA:110,14
DA:113,14
DA:118,14
DA:119,14
DA:121,14
DA:122,14
DA:123,14
DA:125,7
LF:37
LH:36
end_of_record
TN:
SF:/Users/darlingtonnnam/Desktop/programming/Blockchain/Projects/cairo/cairo1.0/Karst/coloniz-core/tests/test_jolt.cairo
FN:31,coloniz_integrationtest::test_jolt::__setup__
FNDA:93,coloniz_integrationtest::test_jolt::__setup__
FNF:1
FNH:1
DA:31,93
DA:32,93
DA:35,93
DA:36,93
DA:40,31
LF:5
LH:5
end_of_record
TN:
SF:/Users/darlingtonnnam/Desktop/programming/Blockchain/Projects/cairo/cairo1.0/Karst/coloniz-core/tests/test_profile.cairo
FN:26,coloniz_integrationtest::test_profile::__setup__
FNDA:9,coloniz_integrationtest::test_profile::__setup__
FNF:1
FNH:1
DA:26,9
DA:28,9
DA:31,9
DA:32,9
DA:35,9
DA:38,9
DA:41,9
DA:45,9
DA:46,0
DA:49,3
DA:52,3
DA:53,3
LF:12
LH:11
end_of_record
TN:
SF:/Users/darlingtonnnam/Desktop/programming/Blockchain/Projects/cairo/cairo1.0/Karst/coloniz-core/tests/test_publication.cairo
FN:41,coloniz_integrationtest::test_publication::__setup__
FNDA:81,coloniz_integrationtest::test_publication::__setup__
FNF:1
FNH:1
DA:41,81
DA:44,81
DA:47,81
DA:48,81
DA:50,81
DA:52,81
DA:54,81
DA:56,81
DA:58,81
DA:70,81
DA:71,0
DA:74,81
DA:75,81
DA:80,81
DA:82,27
DA:86,27
DA:87,27
DA:88,27
LF:18
LH:17
end_of_record
TN:
SF:/Users/darlingtonnnam/Desktop/programming/Blockchain/Projects/cairo/cairo1.0/Karst/coloniz-core/src/base/token_uris/channel_token_uri.cairo
FN:3,coloniz::base::token_uris::channel_token_uri::ChannelTokenUri::get_token_uri
FNDA:0,coloniz::base::token_uris::channel_token_uri::ChannelTokenUri::get_token_uri
FNF:1
FNH:0
DA:3,0
LF:1
LH:0
end_of_record
TN:
SF:/Users/darlingtonnnam/Desktop/programming/Blockchain/Projects/cairo/cairo1.0/Karst/coloniz-core/src/base/token_uris/community_token_uri.cairo
FN:3,coloniz::base::token_uris::community_token_uri::CommunityTokenUri::get_token_uri
FNDA:0,coloniz::base::token_uris::community_token_uri::CommunityTokenUri::get_token_uri
FNF:1
FNH:0
DA:3,0
LF:1
LH:0
end_of_record
TN:
SF:/Users/darlingtonnnam/Desktop/programming/Blockchain/Projects/cairo/cairo1.0/Karst/coloniz-core/src/base/token_uris/follow_token_uri.cairo
FN:27,coloniz::base::token_uris::follow_token_uri::FollowTokenUri::get_attributes
FNDA:0,coloniz::base::token_uris::follow_token_uri::FollowTokenUri::get_attributes
FN:9,coloniz::base::token_uris::follow_token_uri::FollowTokenUri::get_token_uri
FNDA:0,coloniz::base::token_uris::follow_token_uri::FollowTokenUri::get_token_uri
FNF:2
FNH:0
DA:9,0
DA:12,0
DA:13,0
DA:14,0
DA:17,0
DA:18,0
DA:27,0
DA:28,0
DA:29,0
DA:30,0
DA:31,0
DA:35,0
DA:36,0
DA:37,0
DA:38,0
DA:39,0
DA:40,0
DA:41,0
DA:42,0
DA:43,0
DA:44,0
DA:45,0
DA:47,0
DA:48,0
DA:49,0
DA:50,0
DA:51,0
DA:52,0
DA:53,0
DA:54,0
DA:55,0
DA:56,0
DA:57,0
DA:58,0
DA:59,0
DA:60,0
DA:61,0
DA:62,0
DA:63,0
LF:39
LH:0
end_of_record
TN:
SF:/Users/darlingtonnnam/Desktop/programming/Blockchain/Projects/cairo/cairo1.0/Karst/coloniz-core/src/base/token_uris/handle_token_uri.cairo
FN:25,coloniz::base::token_uris::handle_token_uri::HandleTokenUri::get_attributes
FNDA:0,coloniz::base::token_uris::handle_token_uri::HandleTokenUri::get_attributes
FN:7,coloniz::base::token_uris::handle_token_uri::HandleTokenUri::get_token_uri
FNDA:0,coloniz::base::token_uris::handle_token_uri::HandleTokenUri::get_token_uri
FNF:2
FNH:0
DA:7,0
DA:10,0
DA:11,0
DA:12,0
DA:15,0
DA:16,0
DA:25,0
DA:26,0
DA:27,0
DA:28,0
DA:29,0
DA:30,0
DA:31,0
DA:32,0
DA:33,0
DA:34,0
DA:35,0
DA:36,0
DA:37,0
DA:38,0
DA:39,0
DA:40,0
DA:41,0
DA:42,0
DA:43,0
DA:44,0
DA:45,0
DA:46,0
DA:47,0
DA:48,0
DA:49,0
DA:50,0
LF:32
LH:0
end_of_record
TN:
SF:/Users/darlingtonnnam/Desktop/programming/Blockchain/Projects/cairo/cairo1.0/Karst/coloniz-core/src/base/token_uris/profile_token_uri.cairo
FN:15,coloniz::base::token_uris::profile_token_uri::ProfileTokenUri::get_attributes
FNDA:0,coloniz::base::token_uris::profile_token_uri::ProfileTokenUri::get_attributes
FN:41,coloniz::base::token_uris::profile_token_uri::ProfileTokenUri::get_json
FNDA:0,coloniz::base::token_uris::profile_token_uri::ProfileTokenUri::get_json
FN:7,coloniz::base::token_uris::profile_token_uri::ProfileTokenUri::get_svg
FNDA:0,coloniz::base::token_uris::profile_token_uri::ProfileTokenUri::get_svg
FN:55,coloniz::base::token_uris::profile_token_uri::ProfileTokenUri::get_token_uri
FNDA:0,coloniz::base::token_uris::profile_token_uri::ProfileTokenUri::get_token_uri
FNF:4
FNH:0
DA:7,0
DA:8,0
DA:9,0
DA:10,0
DA:11,0
DA:15,0
DA:16,0
DA:17,0
DA:18,0
DA:19,0
DA:20,0
DA:22,0
DA:23,0
DA:24,0
DA:25,0
DA:26,0
DA:27,0
DA:28,0
DA:29,0
DA:30,0
DA:31,0
DA:32,0
DA:33,0
DA:34,0
DA:35,0
DA:36,0
DA:37,0
DA:41,0
DA:42,0
DA:43,0
DA:44,0
DA:45,0
DA:46,0
DA:47,0
DA:48,0
DA:49,0
DA:50,0
DA:55,0
DA:57,0
DA:58,0
DA:59,0
DA:62,0
DA:63,0
DA:64,0
DA:66,0
DA:67,0
DA:69,0
DA:71,0
DA:73,0
DA:75,0
DA:77,0
DA:79,0
LF:52
LH:0
end_of_record
TN:
SF:/Users/darlingtonnnam/Desktop/programming/Blockchain/Projects/cairo/cairo1.0/Karst/coloniz-core/src/base/token_uris/traits/follow.cairo
FN:21,coloniz::base::token_uris::traits::follow::follow::get_random_color
FNDA:0,coloniz::base::token_uris::traits::follow::follow::get_random_color
FN:6,coloniz::base::token_uris::traits::follow::follow::get_svg_follow
FNDA:0,coloniz::base::token_uris::traits::follow::follow::get_svg_follow
FNF:2
FNH:0
DA:6,0
DA:7,0
DA:8,0
DA:10,0
DA:11,0
DA:12,0
DA:13,0
DA:14,0
DA:15,0
DA:16,0
DA:21,0
LF:11
LH:0
end_of_record
TN:
SF:/Users/darlingtonnnam/Desktop/programming/Blockchain/Projects/cairo/cairo1.0/Karst/coloniz-core/src/base/token_uris/traits/handle.cairo
FN:21,coloniz::base::token_uris::traits::handle::handle::get_random_color
FNDA:0,coloniz::base::token_uris::traits::handle::handle::get_random_color
FN:6,coloniz::base::token_uris::traits::handle::handle::get_svg_handle
FNDA:0,coloniz::base::token_uris::traits::handle::handle::get_svg_handle
FNF:2
FNH:0
DA:6,0
DA:7,0
DA:8,0
DA:10,0
DA:11,0
DA:12,0
DA:13,0
DA:14,0
DA:15,0
DA:16,0
DA:21,0
LF:11
LH:0
end_of_record
TN:
SF:/Users/darlingtonnnam/Desktop/programming/Blockchain/Projects/cairo/cairo1.0/Karst/coloniz-core/src/base/utils/base64_extended.cairo
FN:24,coloniz::base::utils::base64_extended::convert_into_byteArray
FNDA:0,coloniz::base::utils::base64_extended::convert_into_byteArray
FN:5,coloniz::base::utils::base64_extended::get_base64_encode
FNDA:0,coloniz::base::utils::base64_extended::get_base64_encode
FNF:2
FNH:0
DA:5,0
DA:6,0
DA:8,0
DA:9,0
DA:10,0
DA:11,0
DA:13,0
DA:14,0
DA:16,0
DA:17,0
DA:18,0
DA:19,0
DA:24,0
DA:25,0
DA:27,0
DA:28,0
DA:29,0
DA:30,0
LF:18
LH:0
end_of_record
TN:
SF:/Users/darlingtonnnam/Desktop/programming/Blockchain/Projects/cairo/cairo1.0/Karst/coloniz-core/src/base/utils/byte_array_extra.cairo
FN:2,coloniz::base::utils::byte_array_extra::FeltTryIntoByteArray::try_into
FNDA:38,coloniz::base::utils::byte_array_extra::FeltTryIntoByteArray::try_into
FNF:1
FNH:1
DA:2,1
DA:3,1
DA:5,1
DA:6,20
DA:7,38
DA:8,1
DA:10,36
DA:11,36
DA:14,2
DA:15,0
LF:10
LH:9
end_of_record
TN:
SF:/Users/darlingtonnnam/Desktop/programming/Blockchain/Projects/cairo/cairo1.0/Karst/coloniz-core/src/base/utils/hubrestricted.cairo
FN:9,coloniz::base::utils::hubrestricted::HubRestricted::hub_only
FNDA:0,coloniz::base::utils::hubrestricted::HubRestricted::hub_only
FNF:1
FNH:0
DA:9,0
DA:10,0
LF:2
LH:0
end_of_record
TN:
SF:/Users/darlingtonnnam/Desktop/programming/Blockchain/Projects/cairo/cairo1.0/Karst/coloniz-core/src/channel/channel.cairo
FN:274,coloniz::channel::channel::ChannelComponent::ChannelImpl::add_channel_mods
FNDA:0,coloniz::channel::channel::ChannelComponent::ChannelImpl::add_channel_mods
FN:132,coloniz::channel::channel::ChannelComponent::ChannelImpl::create_channel
FNDA:0,coloniz::channel::channel::ChannelComponent::ChannelImpl::create_channel
FN:340,coloniz::channel::channel::ChannelComponent::ChannelImpl::get_channel
FNDA:0,coloniz::channel::channel::ChannelComponent::ChannelImpl::get_channel
FN:408,coloniz::channel::channel::ChannelComponent::ChannelImpl::get_channel_ban_status
FNDA:0,coloniz::channel::channel::ChannelComponent::ChannelImpl::get_channel_ban_status
FN:397,coloniz::channel::channel::ChannelComponent::ChannelImpl::get_channel_censorship_status
FNDA:0,coloniz::channel::channel::ChannelComponent::ChannelImpl::get_channel_censorship_status
FN:379,coloniz::channel::channel::ChannelComponent::ChannelImpl::get_channel_community
FNDA:0,coloniz::channel::channel::ChannelComponent::ChannelImpl::get_channel_community
FN:348,coloniz::channel::channel::ChannelComponent::ChannelImpl::get_channel_metadata_uri
FNDA:0,coloniz::channel::channel::ChannelComponent::ChannelImpl::get_channel_metadata_uri
FN:372,coloniz::channel::channel::ChannelComponent::ChannelImpl::get_total_channel_members
FNDA:0,coloniz::channel::channel::ChannelComponent::ChannelImpl::get_total_channel_members
FN:358,coloniz::channel::channel::ChannelComponent::ChannelImpl::is_channel_member
FNDA:0,coloniz::channel::channel::ChannelComponent::ChannelImpl::is_channel_member
FN:389,coloniz::channel::channel::ChannelComponent::ChannelImpl::is_channel_mod
FNDA:0,coloniz::channel::channel::ChannelComponent::ChannelImpl::is_channel_mod
FN:188,coloniz::channel::channel::ChannelComponent::ChannelImpl::join_channel
FNDA:0,coloniz::channel::channel::ChannelComponent::ChannelImpl::join_channel
FN:204,coloniz::channel::channel::ChannelComponent::ChannelImpl::leave_channel
FNDA:0,coloniz::channel::channel::ChannelComponent::ChannelImpl::leave_channel
FN:291,coloniz::channel::channel::ChannelComponent::ChannelImpl::remove_channel_mods
FNDA:0,coloniz::channel::channel::ChannelComponent::ChannelImpl::remove_channel_mods
FN:324,coloniz::channel::channel::ChannelComponent::ChannelImpl::set_channel_ban_status
FNDA:0,coloniz::channel::channel::ChannelComponent::ChannelImpl::set_channel_ban_status
FN:303,coloniz::channel::channel::ChannelComponent::ChannelImpl::set_channel_censorship_status
FNDA:0,coloniz::channel::channel::ChannelComponent::ChannelImpl::set_channel_censorship_status
FN:253,coloniz::channel::channel::ChannelComponent::ChannelImpl::set_channel_metadata_uri
FNDA:0,coloniz::channel::channel::ChannelComponent::ChannelImpl::set_channel_metadata_uri
FN:480,coloniz::channel::channel::ChannelComponent::InternalImpl::_add_channel_mods
FNDA:0,coloniz::channel::channel::ChannelComponent::InternalImpl::_add_channel_mods
FN:632,coloniz::channel::channel::ChannelComponent::InternalImpl::_burn_channel_nft
FNDA:0,coloniz::channel::channel::ChannelComponent::InternalImpl::_burn_channel_nft
FN:591,coloniz::channel::channel::ChannelComponent::InternalImpl::_deploy_channel_nft
FNDA:0,coloniz::channel::channel::ChannelComponent::InternalImpl::_deploy_channel_nft
FN:426,coloniz::channel::channel::ChannelComponent::InternalImpl::_initializer
FNDA:0,coloniz::channel::channel::ChannelComponent::InternalImpl::_initializer
FN:437,coloniz::channel::channel::ChannelComponent::InternalImpl::_join_channel
FNDA:0,coloniz::channel::channel::ChannelComponent::InternalImpl::_join_channel
FN:619,coloniz::channel::channel::ChannelComponent::InternalImpl::_mint_channel_nft
FNDA:0,coloniz::channel::channel::ChannelComponent::InternalImpl::_mint_channel_nft
FN:514,coloniz::channel::channel::ChannelComponent::InternalImpl::_remove_channel_mods
FNDA:0,coloniz::channel::channel::ChannelComponent::InternalImpl::_remove_channel_mods
FN:550,coloniz::channel::channel::ChannelComponent::InternalImpl::_set_ban_status
FNDA:0,coloniz::channel::channel::ChannelComponent::InternalImpl::_set_ban_status
FNF:24
FNH:0
DA:132,0
DA:133,0
DA:134,0
DA:135,0
DA:139,0
DA:140,0
DA:143,0
DA:145,0
DA:149,0
DA:151,0
DA:157,0
DA:160,0
DA:164,0
DA:165,0
DA:168,0
DA:171,0
DA:178,0
DA:188,0
DA:191,0
DA:192,0
DA:194,0
DA:195,0
DA:198,0
DA:204,0
DA:205,0
DA:206,0
DA:209,0
DA:210,0
DA:213,0
DA:214,0
DA:217,0
DA:220,0
DA:225,0
DA:232,0
DA:233,0
DA:235,0
DA:239,0
DA:242,0
DA:253,0
DA:254,0
DA:255,0
DA:256,0
DA:257,0
DA:260,0
DA:261,0
DA:262,0
DA:274,0
DA:275,0
DA:279,0
DA:291,0
DA:292,0
DA:296,0
DA:303,0
DA:304,0
DA:307,0
DA:311,0
DA:324,0
DA:327,0
DA:328,0
DA:329,0
DA:333,0
DA:340,0
DA:348,0
DA:349,0
DA:358,0
DA:359,0
DA:360,0
DA:361,0
DA:363,0
DA:372,0
DA:373,0
DA:379,0
DA:380,0
DA:389,0
DA:397,0
DA:398,0
DA:408,0
DA:426,0
DA:427,0
DA:428,0
DA:437,0
DA:441,0
DA:442,0
DA:443,0
DA:446,0
DA:456,0
DA:457,0
DA:458,0
DA:461,0
DA:465,0
DA:468,0
DA:480,0
DA:481,0
DA:484,0
DA:485,0
DA:488,0
DA:489,0
DA:491,0
DA:494,0
DA:498,0
DA:500,0
DA:503,0
DA:514,0
DA:515,0
DA:518,0
DA:519,0
DA:522,0
DA:523,0
DA:525,0
DA:528,0
DA:533,0
DA:534,0
DA:537,0
DA:550,0
DA:551,0
DA:552,0
DA:555,0
DA:556,0
DA:557,0
DA:560,0
DA:561,0
DA:567,0
DA:569,0
DA:573,0
DA:576,0
DA:579,0
DA:591,0
DA:596,0
DA:597,0
DA:601,0
DA:606,0
DA:619,0
DA:620,0
DA:632,0
DA:633,0
DA:634,0
LF:136
LH:0
end_of_record
TN:
SF:/Users/darlingtonnnam/Desktop/programming/Blockchain/Projects/cairo/cairo1.0/Karst/coloniz-core/src/channel/channelNFT.cairo
FN:92,coloniz::channel::channelNFT::ChannelNFT::ChannelNFT::burn_nft
FNDA:0,coloniz::channel::channelNFT::ChannelNFT::ChannelNFT::burn_nft
FN:107,coloniz::channel::channelNFT::ChannelNFT::ChannelNFT::get_user_token_id
FNDA:0,coloniz::channel::channelNFT::ChannelNFT::ChannelNFT::get_user_token_id
FN:76,coloniz::channel::channelNFT::ChannelNFT::ChannelNFT::mint_nft
FNDA:0,coloniz::channel::channelNFT::ChannelNFT::ChannelNFT::mint_nft
FN:114,coloniz::channel::channelNFT::ChannelNFT::ChannelNFT::name
FNDA:0,coloniz::channel::channelNFT::ChannelNFT::ChannelNFT::name
FN:125,coloniz::channel::channelNFT::ChannelNFT::ChannelNFT::symbol
FNDA:0,coloniz::channel::channelNFT::ChannelNFT::ChannelNFT::symbol
FN:129,coloniz::channel::channelNFT::ChannelNFT::ChannelNFT::token_uri
FNDA:0,coloniz::channel::channelNFT::ChannelNFT::ChannelNFT::token_uri
FN:64,coloniz::channel::channelNFT::ChannelNFT::constructor
FNDA:0,coloniz::channel::channelNFT::ChannelNFT::constructor
FNF:7
FNH:0
DA:64,0
DA:65,0
DA:76,0
DA:77,0
DA:78,0
DA:80,0
DA:81,0
DA:82,0
DA:83,0
DA:85,0
DA:86,0
DA:87,0
DA:92,0
DA:93,0
DA:94,0
DA:96,0
DA:97,0
DA:98,0
DA:107,0
DA:114,0
DA:115,0
DA:116,0
DA:117,0
DA:118,0
DA:119,0
DA:125,0
DA:129,0
DA:130,0
DA:131,0
LF:29
LH:0
end_of_record
TN:
SF:/Users/darlingtonnnam/Desktop/programming/Blockchain/Projects/cairo/cairo1.0/Karst/coloniz-core/src/coloniznft/coloniznft.cairo
FN:120,coloniz::coloniznft::coloniznft::ColonizNFT::colonizImpl::get_last_minted_id
FNDA:0,coloniz::coloniznft::coloniznft::ColonizNFT::colonizImpl::get_last_minted_id
FN:115,coloniz::coloniznft::coloniznft::ColonizNFT::colonizImpl::get_token_mint_timestamp
FNDA:0,coloniz::coloniznft::coloniznft::ColonizNFT::colonizImpl::get_token_mint_timestamp
FN:111,coloniz::coloniznft::coloniznft::ColonizNFT::colonizImpl::get_user_token_id
FNDA:0,coloniz::coloniznft::coloniznft::ColonizNFT::colonizImpl::get_user_token_id
FN:92,coloniz::coloniznft::coloniznft::ColonizNFT::colonizImpl::mint_coloniznft
FNDA:0,coloniz::coloniznft::coloniznft::ColonizNFT::colonizImpl::mint_coloniznft
FN:128,coloniz::coloniznft::coloniznft::ColonizNFT::colonizImpl::name
FNDA:0,coloniz::coloniznft::coloniznft::ColonizNFT::colonizImpl::name
FN:133,coloniz::coloniznft::coloniznft::ColonizNFT::colonizImpl::symbol
FNDA:0,coloniz::coloniznft::coloniznft::ColonizNFT::colonizImpl::symbol
FN:138,coloniz::coloniznft::coloniznft::ColonizNFT::colonizImpl::token_uri
FNDA:0,coloniz::coloniznft::coloniznft::ColonizNFT::colonizImpl::token_uri
FN:80,coloniz::coloniznft::coloniznft::ColonizNFT::constructor
FNDA:0,coloniz::coloniznft::coloniznft::ColonizNFT::constructor
FNF:8
FNH:0
DA:80,0
DA:81,0
DA:82,0
DA:92,0
DA:93,0
DA:94,0
DA:96,0
DA:97,0
DA:98,0
DA:100,0
DA:101,0
DA:102,0
DA:111,0
DA:115,0
DA:120,0
DA:128,0
DA:133,0
DA:138,0
DA:139,0
LF:19
LH:0
end_of_record
TN:
SF:/Users/darlingtonnnam/Desktop/programming/Blockchain/Projects/cairo/cairo1.0/Karst/coloniz-core/src/community/community.cairo
FN:247,coloniz::community::community::CommunityComponent::CommunityImpl::add_community_mods
FNDA:0,coloniz::community::community::CommunityComponent::CommunityImpl::add_community_mods
FN:160,coloniz::community::community::CommunityComponent::CommunityImpl::create_community
FNDA:0,coloniz::community::community::CommunityComponent::CommunityImpl::create_community
FN:335,coloniz::community::community::CommunityComponent::CommunityImpl::gatekeep
FNDA:0,coloniz::community::community::CommunityComponent::CommunityImpl::gatekeep
FN:477,coloniz::community::community::CommunityComponent::CommunityImpl::get_ban_status
FNDA:0,coloniz::community::community::CommunityComponent::CommunityImpl::get_ban_status
FN:411,coloniz::community::community::CommunityComponent::CommunityImpl::get_community
FNDA:0,coloniz::community::community::CommunityComponent::CommunityImpl::get_community
FN:466,coloniz::community::community::CommunityComponent::CommunityImpl::get_community_censorship_status
FNDA:0,coloniz::community::community::CommunityComponent::CommunityImpl::get_community_censorship_status
FN:486,coloniz::community::community::CommunityComponent::CommunityImpl::get_community_fee_address
FNDA:0,coloniz::community::community::CommunityComponent::CommunityImpl::get_community_fee_address
FN:419,coloniz::community::community::CommunityComponent::CommunityImpl::get_community_metadata_uri
FNDA:0,coloniz::community::community::CommunityComponent::CommunityImpl::get_community_metadata_uri
FN:441,coloniz::community::community::CommunityComponent::CommunityImpl::get_total_members
FNDA:0,coloniz::community::community::CommunityComponent::CommunityImpl::get_total_members
FN:429,coloniz::community::community::CommunityComponent::CommunityImpl::is_community_member
FNDA:0,coloniz::community::community::CommunityComponent::CommunityImpl::is_community_member
FN:451,coloniz::community::community::CommunityComponent::CommunityImpl::is_community_mod
FNDA:0,coloniz::community::community::CommunityComponent::CommunityImpl::is_community_mod
FN:504,coloniz::community::community::CommunityComponent::CommunityImpl::is_gatekeeped
FNDA:0,coloniz::community::community::CommunityComponent::CommunityImpl::is_gatekeeped
FN:494,coloniz::community::community::CommunityComponent::CommunityImpl::is_premium_community
FNDA:0,coloniz::community::community::CommunityComponent::CommunityImpl::is_premium_community
FN:181,coloniz::community::community::CommunityComponent::CommunityImpl::join_community
FNDA:0,coloniz::community::community::CommunityComponent::CommunityImpl::join_community
FN:201,coloniz::community::community::CommunityComponent::CommunityImpl::leave_community
FNDA:0,coloniz::community::community::CommunityComponent::CommunityImpl::leave_community
FN:261,coloniz::community::community::CommunityComponent::CommunityImpl::remove_community_mods
FNDA:0,coloniz::community::community::CommunityComponent::CommunityImpl::remove_community_mods
FN:276,coloniz::community::community::CommunityComponent::CommunityImpl::set_ban_status
FNDA:0,coloniz::community::community::CommunityComponent::CommunityImpl::set_ban_status
FN:390,coloniz::community::community::CommunityComponent::CommunityImpl::set_community_censorship_status
FNDA:0,coloniz::community::community::CommunityComponent::CommunityImpl::set_community_censorship_status
FN:293,coloniz::community::community::CommunityComponent::CommunityImpl::set_community_fee_address
FNDA:0,coloniz::community::community::CommunityComponent::CommunityImpl::set_community_fee_address
FN:224,coloniz::community::community::CommunityComponent::CommunityImpl::set_community_metadata_uri
FNDA:0,coloniz::community::community::CommunityComponent::CommunityImpl::set_community_metadata_uri
FN:311,coloniz::community::community::CommunityComponent::CommunityImpl::upgrade_community
FNDA:0,coloniz::community::community::CommunityComponent::CommunityImpl::upgrade_community
FN:795,coloniz::community::community::CommunityComponent::Private::_add_community_mods
FNDA:0,coloniz::community::community::CommunityComponent::Private::_add_community_mods
FN:942,coloniz::community::community::CommunityComponent::Private::_burn_community_nft
FNDA:0,coloniz::community::community::CommunityComponent::Private::_burn_community_nft
FN:547,coloniz::community::community::CommunityComponent::Private::_create_community
FNDA:0,coloniz::community::community::CommunityComponent::Private::_create_community
FN:900,coloniz::community::community::CommunityComponent::Private::_deploy_community_nft
FNDA:0,coloniz::community::community::CommunityComponent::Private::_deploy_community_nft
FN:743,coloniz::community::community::CommunityComponent::Private::_enforce_gatekeeping
FNDA:0,coloniz::community::community::CommunityComponent::Private::_enforce_gatekeeping
FN:530,coloniz::community::community::CommunityComponent::Private::_initializer
FNDA:0,coloniz::community::community::CommunityComponent::Private::_initializer
FN:593,coloniz::community::community::CommunityComponent::Private::_join_community
FNDA:0,coloniz::community::community::CommunityComponent::Private::_join_community
FN:638,coloniz::community::community::CommunityComponent::Private::_leave_community
FNDA:0,coloniz::community::community::CommunityComponent::Private::_leave_community
FN:928,coloniz::community::community::CommunityComponent::Private::_mint_community_nft
FNDA:0,coloniz::community::community::CommunityComponent::Private::_mint_community_nft
FN:725,coloniz::community::community::CommunityComponent::Private::_permissioned_gatekeeping
FNDA:0,coloniz::community::community::CommunityComponent::Private::_permissioned_gatekeeping
FN:827,coloniz::community::community::CommunityComponent::Private::_remove_community_mods
FNDA:0,coloniz::community::community::CommunityComponent::Private::_remove_community_mods
FN:861,coloniz::community::community::CommunityComponent::Private::_set_ban_status
FNDA:0,coloniz::community::community::CommunityComponent::Private::_set_ban_status
FN:680,coloniz::community::community::CommunityComponent::Private::_upgrade_community
FNDA:0,coloniz::community::community::CommunityComponent::Private::_upgrade_community
FNF:34
FNH:0
DA:160,0
DA:161,0
DA:162,0
DA:163,0
DA:166,0
DA:168,0
DA:172,0
DA:181,0
DA:182,0
DA:185,0
DA:186,0
DA:187,0
DA:188,0
DA:191,0
DA:194,0
DA:201,0
DA:202,0
DA:203,0
DA:207,0
DA:208,0
DA:210,0
DA:213,0
DA:215,0
DA:224,0
DA:225,0
DA:226,0
DA:227,0
DA:228,0
DA:232,0
DA:234,0
DA:236,0
DA:247,0
DA:248,0
DA:250,0
DA:261,0
DA:262,0
DA:264,0
DA:276,0
DA:277,0
DA:278,0
DA:281,0
DA:284,0
DA:293,0
DA:294,0
DA:295,0
DA:296,0
DA:311,0
DA:312,0
DA:314,0
DA:335,0
DA:336,0
DA:339,0
DA:340,0
DA:341,0
DA:342,0
DA:343,0
DA:349,0
DA:350,0
DA:352,0
DA:354,0
DA:361,0
DA:367,0
DA:368,0
DA:372,0
DA:375,0
DA:379,0
DA:381,0
DA:390,0
DA:391,0
DA:394,0
DA:398,0
DA:411,0
DA:419,0
DA:420,0
DA:421,0
DA:429,0
DA:430,0
DA:431,0
DA:432,0
DA:434,0
DA:441,0
DA:442,0
DA:443,0
DA:451,0
DA:452,0
DA:454,0
DA:455,0
DA:457,0
DA:466,0
DA:467,0
DA:477,0
DA:486,0
DA:494,0
DA:495,0
DA:496,0
DA:504,0
DA:505,0
DA:507,0
DA:508,0
DA:511,0
DA:530,0
DA:531,0
DA:532,0
DA:547,0
DA:549,0
DA:551,0
DA:552,0
DA:557,0
DA:558,0
DA:559,0
DA:562,0
DA:563,0
DA:564,0
DA:565,0
DA:568,0
DA:574,0
DA:579,0
DA:593,0
DA:603,0
DA:605,0
DA:606,0
DA:612,0
DA:615,0
DA:622,0
DA:638,0
DA:640,0
DA:644,0
DA:649,0
DA:650,0
DA:654,0
DA:657,0
DA:664,0
DA:680,0
DA:683,0
DA:687,0
DA:688,0
DA:689,0
DA:690,0
DA:698,0
DA:702,0
DA:704,0
DA:707,0
DA:708,0
DA:712,0
DA:714,0
DA:725,0
DA:727,0
DA:730,0
DA:731,0
DA:733,0
DA:734,0
DA:743,0
DA:745,0
DA:747,0
DA:748,0
DA:751,0
DA:755,0
DA:759,0
DA:762,0
DA:766,0
DA:767,0
DA:771,0
DA:773,0
DA:776,0
DA:782,0
DA:795,0
DA:796,0
DA:799,0
DA:800,0
DA:801,0
DA:802,0
DA:803,0
DA:806,0
DA:812,0
DA:815,0
DA:827,0
DA:828,0
DA:831,0
DA:832,0
DA:833,0
DA:834,0
DA:836,0
DA:839,0
DA:845,0
DA:848,0
DA:861,0
DA:862,0
DA:864,0
DA:867,0
DA:868,0
DA:869,0
DA:871,0
DA:872,0
DA:875,0
DA:878,0
DA:882,0
DA:885,0
DA:888,0
DA:900,0
DA:905,0
DA:906,0
DA:910,0
DA:915,0
DA:928,0
DA:929,0
DA:942,0
DA:943,0
LF:207
LH:0
end_of_record
TN:
SF:/Users/darlingtonnnam/Desktop/programming/Blockchain/Projects/cairo/cairo1.0/Karst/coloniz-core/src/community/communitynft.cairo
FN:92,coloniz::community::communitynft::CommunityNFT::CommunityNft::burn_nft
FNDA:0,coloniz::community::communitynft::CommunityNFT::CommunityNft::burn_nft
FN:107,coloniz::community::communitynft::CommunityNFT::CommunityNft::get_user_token_id
FNDA:0,coloniz::community::communitynft::CommunityNFT::CommunityNft::get_user_token_id
FN:76,coloniz::community::communitynft::CommunityNFT::CommunityNft::mint_nft
FNDA:0,coloniz::community::communitynft::CommunityNFT::CommunityNft::mint_nft
FN:114,coloniz::community::communitynft::CommunityNFT::CommunityNft::name
FNDA:0,coloniz::community::communitynft::CommunityNFT::CommunityNft::name
[...]
FN:743,coloniz::jolt::jolt::JoltComponent::Private::_set_whitelisted_renewers_status
FNDA:0,coloniz::jolt::jolt::JoltComponent::Private::_set_whitelisted_renewers_status
FN:531,coloniz::jolt::jolt::JoltComponent::Private::_subscribe
FNDA:0,coloniz::jolt::jolt::JoltComponent::Private::_subscribe
FN:452,coloniz::jolt::jolt::JoltComponent::Private::_tip
FNDA:0,coloniz::jolt::jolt::JoltComponent::Private::_tip
FN:490,coloniz::jolt::jolt::JoltComponent::Private::_transfer
FNDA:0,coloniz::jolt::jolt::JoltComponent::Private::_transfer
FN:727,coloniz::jolt::jolt::JoltComponent::Private::_transfer_helper
FNDA:0,coloniz::jolt::jolt::JoltComponent::Private::_transfer_helper
FNF:23
FNH:0
DA:123,0
DA:124,0
DA:125,0
DA:128,0
DA:129,0
DA:130,0
DA:131,0
DA:132,0
DA:136,0
DA:142,0
DA:143,0
DA:145,0
DA:156,0
DA:167,0
DA:169,0
DA:181,0
DA:208,0
DA:209,0
DA:216,0
DA:217,0
DA:220,0
DA:221,0
DA:222,0
DA:225,0
DA:226,0
DA:227,0
DA:228,0
DA:232,0
DA:241,0
DA:242,0
DA:243,0
DA:255,0
DA:256,0
DA:257,0
DA:266,0
DA:267,0
DA:268,0
DA:269,0
DA:270,0
DA:273,0
DA:276,0
DA:279,0
DA:287,0
DA:306,0
DA:307,0
DA:308,0
DA:318,0
DA:321,0
DA:329,0
DA:341,0
DA:342,0
DA:343,0
DA:351,0
DA:352,0
DA:360,0
DA:361,0
DA:365,0
DA:366,0
DA:369,0
DA:372,0
DA:385,0
DA:394,0
DA:403,0
DA:409,0
DA:417,0
DA:433,0
DA:435,0
DA:452,0
DA:454,0
DA:455,0
DA:458,0
DA:461,0
DA:468,0
DA:473,0
DA:490,0
DA:492,0
DA:493,0
DA:496,0
DA:499,0
DA:506,0
DA:511,0
DA:531,0
DA:533,0
DA:535,0
DA:537,0
DA:538,0
DA:539,0
DA:541,0
DA:545,0
DA:546,0
DA:550,0
DA:555,0
DA:562,0
DA:567,0
DA:586,0
DA:589,0
DA:590,0
DA:591,0
DA:594,0
DA:602,0
DA:607,0
DA:621,0
DA:623,0
DA:630,0
DA:631,0
DA:634,0
DA:642,0
DA:646,0
DA:656,0
DA:657,0
DA:658,0
DA:661,0
DA:664,0
DA:667,0
DA:670,0
DA:671,0
DA:672,0
DA:673,0
DA:674,0
DA:678,0
DA:681,0
DA:686,0
DA:689,0
DA:691,0
DA:693,0
DA:698,0
DA:701,0
DA:708,0
DA:713,0
DA:727,0
DA:731,0
DA:732,0
DA:735,0
DA:743,0
DA:744,0
DA:747,0
DA:748,0
DA:750,0
LF:138
LH:0
end_of_record
TN:
SF:/Users/darlingtonnnam/Desktop/programming/Blockchain/Projects/cairo/cairo1.0/Karst/coloniz-core/src/mocks/ERC20.cairo
FN:27,coloniz::mocks::ERC20::USDT::constructor
FNDA:0,coloniz::mocks::ERC20::USDT::constructor
FNF:1
FNH:0
DA:27,0
DA:28,0
DA:29,0
DA:31,0
DA:32,0
LF:5
LH:0
end_of_record
TN:
SF:/Users/darlingtonnnam/Desktop/programming/Blockchain/Projects/cairo/cairo1.0/Karst/coloniz-core/src/mocks/ERC721.cairo
FN:46,coloniz::mocks::ERC721::ERC721::ERC721Impl::mint
FNDA:0,coloniz::mocks::ERC721::ERC721::ERC721Impl::mint
FN:40,coloniz::mocks::ERC721::ERC721::constructor
FNDA:0,coloniz::mocks::ERC721::ERC721::constructor
FNF:2
FNH:0
DA:40,0
DA:41,0
DA:46,0
DA:47,0
LF:4
LH:0
end_of_record
TN:
SF:/Users/darlingtonnnam/Desktop/programming/Blockchain/Projects/cairo/cairo1.0/Karst/coloniz-core/src/mocks/registry.cairo
FN:53,coloniz::mocks::registry::Registry::IRegistryImpl::create_account
FNDA:0,coloniz::mocks::registry::Registry::IRegistryImpl::create_account
FN:87,coloniz::mocks::registry::Registry::IRegistryImpl::get_account
FNDA:0,coloniz::mocks::registry::Registry::IRegistryImpl::get_account
FN:123,coloniz::mocks::registry::Registry::internalImpl::_get_owner
FNDA:0,coloniz::mocks::registry::Registry::internalImpl::_get_owner
FNF:3
FNH:0
DA:53,0
DA:54,0
DA:55,0
DA:66,0
DA:67,0
DA:68,0
DA:70,0
DA:87,0
DA:88,0
DA:89,0
DA:90,0
DA:91,0
DA:98,0
DA:107,0
DA:123,0
DA:124,0
DA:125,0
DA:126,0
DA:128,0
DA:129,0
DA:131,0
DA:132,0
LF:22
LH:0
end_of_record
TN:
SF:/Users/darlingtonnnam/Desktop/programming/Blockchain/Projects/cairo/cairo1.0/Karst/coloniz-core/src/namespaces/handle_registry.cairo
FN:99,coloniz::namespaces::handle_registry::HandleRegistry::HandleRegistryImpl::get_handle
FNDA:0,coloniz::namespaces::handle_registry::HandleRegistry::HandleRegistryImpl::get_handle
FN:72,coloniz::namespaces::handle_registry::HandleRegistry::HandleRegistryImpl::link
FNDA:0,coloniz::namespaces::handle_registry::HandleRegistry::HandleRegistryImpl::link
FN:90,coloniz::namespaces::handle_registry::HandleRegistry::HandleRegistryImpl::resolve
FNDA:0,coloniz::namespaces::handle_registry::HandleRegistry::HandleRegistryImpl::resolve
FN:79,coloniz::namespaces::handle_registry::HandleRegistry::HandleRegistryImpl::unlink
FNDA:0,coloniz::namespaces::handle_registry::HandleRegistry::HandleRegistryImpl::unlink
FN:112,coloniz::namespaces::handle_registry::HandleRegistry::Private::_link
FNDA:0,coloniz::namespaces::handle_registry::HandleRegistry::Private::_link
FN:143,coloniz::namespaces::handle_registry::HandleRegistry::Private::_unlink
FNDA:0,coloniz::namespaces::handle_registry::HandleRegistry::Private::_unlink
FN:59,coloniz::namespaces::handle_registry::HandleRegistry::constructor
FNDA:0,coloniz::namespaces::handle_registry::HandleRegistry::constructor
FNF:7
FNH:0
DA:59,0
DA:60,0
DA:72,0
DA:79,0
DA:80,0
DA:90,0
DA:92,0
DA:93,0
DA:99,0
DA:112,0
DA:114,0
DA:116,0
DA:117,0
DA:119,0
DA:120,0
DA:122,0
DA:127,0
DA:128,0
DA:143,0
DA:145,0
DA:147,0
DA:148,0
DA:150,0
DA:155,0
DA:156,0
LF:25
LH:0
end_of_record
TN:
SF:/Users/darlingtonnnam/Desktop/programming/Blockchain/Projects/cairo/cairo1.0/Karst/coloniz-core/src/namespaces/handles.cairo
FN:133,coloniz::namespaces::handles::Handles::HandlesImpl::burn_handle
FNDA:0,coloniz::namespaces::handles::Handles::HandlesImpl::burn_handle
FN:178,coloniz::namespaces::handles::Handles::HandlesImpl::exists
FNDA:0,coloniz::namespaces::handles::Handles::HandlesImpl::exists
FN:167,coloniz::namespaces::handles::Handles::HandlesImpl::get_handle
FNDA:0,coloniz::namespaces::handles::Handles::HandlesImpl::get_handle
FN:161,coloniz::namespaces::handles::Handles::HandlesImpl::get_local_name
FNDA:0,coloniz::namespaces::handles::Handles::HandlesImpl::get_local_name
FN:155,coloniz::namespaces::handles::Handles::HandlesImpl::get_namespace
FNDA:0,coloniz::namespaces::handles::Handles::HandlesImpl::get_namespace
FN:189,coloniz::namespaces::handles::Handles::HandlesImpl::get_token_id
FNDA:0,coloniz::namespaces::handles::Handles::HandlesImpl::get_token_id
FN:124,coloniz::namespaces::handles::Handles::HandlesImpl::mint_handle
FNDA:0,coloniz::namespaces::handles::Handles::HandlesImpl::mint_handle
FN:202,coloniz::namespaces::handles::Handles::HandlesImpl::name
FNDA:0,coloniz::namespaces::handles::Handles::HandlesImpl::name
FN:207,coloniz::namespaces::handles::Handles::HandlesImpl::symbol
FNDA:0,coloniz::namespaces::handles::Handles::HandlesImpl::symbol
FN:214,coloniz::namespaces::handles::Handles::HandlesImpl::token_uri
FNDA:0,coloniz::namespaces::handles::Handles::HandlesImpl::token_uri
FN:183,coloniz::namespaces::handles::Handles::HandlesImpl::total_supply
FNDA:0,coloniz::namespaces::handles::Handles::HandlesImpl::total_supply
FN:276,coloniz::namespaces::handles::Handles::Private::_is_alpha_numeric
FNDA:0,coloniz::namespaces::handles::Handles::Private::_is_alpha_numeric
FN:228,coloniz::namespaces::handles::Handles::Private::_mint_handle
FNDA:0,coloniz::namespaces::handles::Handles::Private::_mint_handle
FN:253,coloniz::namespaces::handles::Handles::Private::_validate_local_name
FNDA:0,coloniz::namespaces::handles::Handles::Private::_validate_local_name
FN:110,coloniz::namespaces::handles::Handles::constructor
FNDA:0,coloniz::namespaces::handles::Handles::constructor
FNF:15
FNH:0
DA:110,0
DA:111,0
DA:112,0
DA:124,0
DA:125,0
DA:126,0
DA:133,0
DA:134,0
DA:135,0
DA:136,0
DA:137,0
DA:138,0
DA:139,0
DA:143,0
DA:145,0
DA:155,0
DA:161,0
DA:167,0
DA:168,0
DA:169,0
DA:170,0
DA:171,0
DA:178,0
DA:183,0
DA:189,0
DA:202,0
DA:207,0
DA:214,0
DA:228,0
DA:229,0
DA:230,0
DA:231,0
DA:232,0
DA:234,0
DA:235,0
DA:237,0
DA:243,0
DA:253,0
DA:256,0
DA:257,0
DA:258,0
DA:260,0
DA:261,0
DA:262,0
DA:266,0
DA:271,0
DA:276,0
DA:277,0
LF:48
LH:0
end_of_record
TN:
SF:/Users/darlingtonnnam/Desktop/programming/Blockchain/Projects/cairo/cairo1.0/Karst/coloniz-core/src/presets/channel.cairo
FN:49,coloniz::presets::channel::ColonizChannel::constructor
FNDA:0,coloniz::presets::channel::ColonizChannel::constructor
FNF:1
FNH:0
DA:49,0
DA:50,0
DA:51,0
LF:3
LH:0
end_of_record
TN:
SF:/Users/darlingtonnnam/Desktop/programming/Blockchain/Projects/cairo/cairo1.0/Karst/coloniz-core/src/presets/community.cairo
FN:43,coloniz::presets::community::ColonizCommunity::constructor
FNDA:0,coloniz::presets::community::ColonizCommunity::constructor
FNF:1
FNH:0
DA:43,0
DA:44,0
DA:45,0
LF:3
LH:0
end_of_record
TN:
SF:/Users/darlingtonnnam/Desktop/programming/Blockchain/Projects/cairo/cairo1.0/Karst/coloniz-core/src/presets/jolt.cairo
FN:32,coloniz::presets::jolt::Jolt::constructor
FNDA:0,coloniz::presets::jolt::Jolt::constructor
FNF:1
FNH:0
DA:32,0
DA:33,0
LF:2
LH:0
end_of_record
TN:
SF:/Users/darlingtonnnam/Desktop/programming/Blockchain/Projects/cairo/cairo1.0/Karst/coloniz-core/src/presets/profile.cairo
FN:31,coloniz::presets::profile::ColonizProfile::constructor
FNDA:0,coloniz::presets::profile::ColonizProfile::constructor
FNF:1
FNH:0
DA:31,0
DA:32,0
LF:2
LH:0
end_of_record
TN:
SF:/Users/darlingtonnnam/Desktop/programming/Blockchain/Projects/cairo/cairo1.0/Karst/coloniz-core/src/presets/publication.cairo
FN:82,coloniz::presets::publication::ColonizPublication::constructor
FNDA:0,coloniz::presets::publication::ColonizPublication::constructor
FNF:1
FNH:0
DA:82,0
DA:83,0
DA:84,0
DA:85,0
DA:86,0
DA:87,0
LF:6
LH:0
end_of_record
TN:
SF:/Users/darlingtonnnam/Desktop/programming/Blockchain/Projects/cairo/cairo1.0/Karst/coloniz-core/src/profile/profile.cairo
FN:184,coloniz::profile::profile::ProfileComponent::Private::_initializer
FNDA:0,coloniz::profile::profile::ProfileComponent::Private::_initializer
FN:194,coloniz::profile::profile::ProfileComponent::Private::increment_publication_count
FNDA:0,coloniz::profile::profile::ProfileComponent::Private::increment_publication_count
FN:69,coloniz::profile::profile::ProfileComponent::ProfileImpl::create_profile
FNDA:0,coloniz::profile::profile::ProfileComponent::ProfileImpl::create_profile
FN:152,coloniz::profile::profile::ProfileComponent::ProfileImpl::get_profile
FNDA:0,coloniz::profile::profile::ProfileComponent::ProfileImpl::get_profile
FN:159,coloniz::profile::profile::ProfileComponent::ProfileImpl::get_profile_metadata
FNDA:0,coloniz::profile::profile::ProfileComponent::ProfileImpl::get_profile_metadata
FN:168,coloniz::profile::profile::ProfileComponent::ProfileImpl::get_user_publication_count
FNDA:0,coloniz::profile::profile::ProfileComponent::ProfileImpl::get_user_publication_count
FN:135,coloniz::profile::profile::ProfileComponent::ProfileImpl::set_profile_metadata_uri
FNDA:0,coloniz::profile::profile::ProfileComponent::ProfileImpl::set_profile_metadata_uri
FNF:7
FNH:0
DA:69,0
DA:71,0
DA:72,0
DA:76,0
DA:77,0
DA:80,0
DA:82,0
DA:83,0
DA:85,0
DA:86,0
DA:96,0
DA:97,0
DA:98,0
DA:99,0
DA:100,0
DA:109,0
DA:114,0
DA:115,0
DA:121,0
DA:135,0
DA:136,0
DA:137,0
DA:140,0
DA:152,0
DA:159,0
DA:160,0
DA:161,0
DA:168,0
DA:169,0
DA:170,0
DA:184,0
DA:185,0
DA:186,0
DA:187,0
DA:194,0
DA:195,0
DA:196,0
DA:199,0
LF:38
LH:0
end_of_record
TN:
SF:/Users/darlingtonnnam/Desktop/programming/Blockchain/Projects/cairo/cairo1.0/Karst/coloniz-core/src/publication/collectnft.cairo
FN:135,coloniz::publication::collectnft::CollectNFT::CollectNFTImpl::get_last_minted_id
FNDA:0,coloniz::publication::collectnft::CollectNFT::CollectNFTImpl::get_last_minted_id
FN:139,coloniz::publication::collectnft::CollectNFT::CollectNFTImpl::get_source_publication_pointer
FNDA:0,coloniz::publication::collectnft::CollectNFT::CollectNFTImpl::get_source_publication_pointer
FN:130,coloniz::publication::collectnft::CollectNFT::CollectNFTImpl::get_token_mint_timestamp
FNDA:0,coloniz::publication::collectnft::CollectNFT::CollectNFTImpl::get_token_mint_timestamp
FN:126,coloniz::publication::collectnft::CollectNFT::CollectNFTImpl::get_user_token_id
FNDA:0,coloniz::publication::collectnft::CollectNFT::CollectNFTImpl::get_user_token_id
FN:107,coloniz::publication::collectnft::CollectNFT::CollectNFTImpl::mint_nft
FNDA:0,coloniz::publication::collectnft::CollectNFT::CollectNFTImpl::mint_nft
FN:148,coloniz::publication::collectnft::CollectNFT::CollectNFTImpl::name
FNDA:0,coloniz::publication::collectnft::CollectNFT::CollectNFTImpl::name
FN:162,coloniz::publication::collectnft::CollectNFT::CollectNFTImpl::symbol
FNDA:0,coloniz::publication::collectnft::CollectNFT::CollectNFTImpl::symbol
FN:167,coloniz::publication::collectnft::CollectNFT::CollectNFTImpl::token_uri
FNDA:0,coloniz::publication::collectnft::CollectNFT::CollectNFTImpl::token_uri
FN:94,coloniz::publication::collectnft::CollectNFT::constructor
FNDA:0,coloniz::publication::collectnft::CollectNFT::constructor
FNF:9
FNH:0
DA:94,0
DA:95,0
DA:96,0
DA:97,0
DA:107,0
DA:108,0
DA:109,0
DA:111,0
DA:112,0
DA:113,0
DA:114,0
DA:115,0
DA:116,0
DA:117,0
DA:126,0
DA:130,0
DA:135,0
DA:139,0
DA:140,0
DA:141,0
DA:148,0
DA:149,0
DA:150,0
DA:151,0
DA:152,0
DA:153,0
DA:154,0
DA:155,0
DA:156,0
DA:162,0
DA:167,0
DA:168,0
DA:169,0
DA:170,0
DA:171,0
LF:35
LH:0
end_of_record
TN:
SF:/Users/darlingtonnnam/Desktop/programming/Blockchain/Projects/cairo/cairo1.0/Karst/coloniz-core/src/publication/publication.cairo
FN:641,coloniz::publication::publication::PublicationComponent::InternalImpl::_as_reference_pub_params
FNDA:0,coloniz::publication::publication::PublicationComponent::InternalImpl::_as_reference_pub_params
FN:815,coloniz::publication::publication::PublicationComponent::InternalImpl::_check_channel_approval
FNDA:0,coloniz::publication::publication::PublicationComponent::InternalImpl::_check_channel_approval
FN:798,coloniz::publication::publication::PublicationComponent::InternalImpl::_check_community_approval
FNDA:0,coloniz::publication::publication::PublicationComponent::InternalImpl::_check_community_approval
FN:622,coloniz::publication::publication::PublicationComponent::InternalImpl::_create_reference_publication
FNDA:0,coloniz::publication::publication::PublicationComponent::InternalImpl::_create_reference_publication
FN:720,coloniz::publication::publication::PublicationComponent::InternalImpl::_deploy_collect_nft
FNDA:0,coloniz::publication::publication::PublicationComponent::InternalImpl::_deploy_collect_nft
FN:559,coloniz::publication::publication::PublicationComponent::InternalImpl::_fill_reference_publication
FNDA:0,coloniz::publication::publication::PublicationComponent::InternalImpl::_fill_reference_publication
FN:679,coloniz::publication::publication::PublicationComponent::InternalImpl::_get_content_URI
FNDA:0,coloniz::publication::publication::PublicationComponent::InternalImpl::_get_content_URI
FN:749,coloniz::publication::publication::PublicationComponent::InternalImpl::_get_or_deploy_collect_nft
FNDA:0,coloniz::publication::publication::PublicationComponent::InternalImpl::_get_or_deploy_collect_nft
FN:667,coloniz::publication::publication::PublicationComponent::InternalImpl::_get_publication_type
FNDA:0,coloniz::publication::publication::PublicationComponent::InternalImpl::_get_publication_type
FN:542,coloniz::publication::publication::PublicationComponent::InternalImpl::_initializer
FNDA:0,coloniz::publication::publication::PublicationComponent::InternalImpl::_initializer
FN:786,coloniz::publication::publication::PublicationComponent::InternalImpl::_mint_collect_nft
FNDA:0,coloniz::publication::publication::PublicationComponent::InternalImpl::_mint_collect_nft
FN:835,coloniz::publication::publication::PublicationComponent::InternalImpl::_validate_channel_membership_and_ban_status
FNDA:0,coloniz::publication::publication::PublicationComponent::InternalImpl::_validate_channel_membership_and_ban_status
FN:853,coloniz::publication::publication::PublicationComponent::InternalImpl::_validate_community_membership_and_ban_status
FNDA:0,coloniz::publication::publication::PublicationComponent::InternalImpl::_validate_community_membership_and_ban_status
FN:652,coloniz::publication::publication::PublicationComponent::InternalImpl::_validate_pointed_pub
FNDA:0,coloniz::publication::publication::PublicationComponent::InternalImpl::_validate_pointed_pub
FN:432,coloniz::publication::publication::PublicationComponent::PublicationsImpl::collect
FNDA:0,coloniz::publication::publication::PublicationComponent::PublicationsImpl::collect
FN:217,coloniz::publication::publication::PublicationComponent::PublicationsImpl::comment
FNDA:0,coloniz::publication::publication::PublicationComponent::PublicationsImpl::comment
FN:354,coloniz::publication::publication::PublicationComponent::PublicationsImpl::downvote
FNDA:0,coloniz::publication::publication::PublicationComponent::PublicationsImpl::downvote
FN:510,coloniz::publication::publication::PublicationComponent::PublicationsImpl::get_downvote_count
FNDA:0,coloniz::publication::publication::PublicationComponent::PublicationsImpl::get_downvote_count
FN:481,coloniz::publication::publication::PublicationComponent::PublicationsImpl::get_publication
FNDA:0,coloniz::publication::publication::PublicationComponent::PublicationsImpl::get_publication
FN:470,coloniz::publication::publication::PublicationComponent::PublicationsImpl::get_publication_content_uri
FNDA:0,coloniz::publication::publication::PublicationComponent::PublicationsImpl::get_publication_content_uri
FN:492,coloniz::publication::publication::PublicationComponent::PublicationsImpl::get_publication_type
FNDA:0,coloniz::publication::publication::PublicationComponent::PublicationsImpl::get_publication_type
FN:519,coloniz::publication::publication::PublicationComponent::PublicationsImpl::get_tipped_amount
FNDA:0,coloniz::publication::publication::PublicationComponent::PublicationsImpl::get_tipped_amount
FN:501,coloniz::publication::publication::PublicationComponent::PublicationsImpl::get_upvote_count
FNDA:0,coloniz::publication::publication::PublicationComponent::PublicationsImpl::get_upvote_count
FN:141,coloniz::publication::publication::PublicationComponent::PublicationsImpl::post
FNDA:0,coloniz::publication::publication::PublicationComponent::PublicationsImpl::post
FN:263,coloniz::publication::publication::PublicationComponent::PublicationsImpl::repost
FNDA:0,coloniz::publication::publication::PublicationComponent::PublicationsImpl::repost
FN:395,coloniz::publication::publication::PublicationComponent::PublicationsImpl::tip
FNDA:0,coloniz::publication::publication::PublicationComponent::PublicationsImpl::tip
FN:316,coloniz::publication::publication::PublicationComponent::PublicationsImpl::upvote
FNDA:0,coloniz::publication::publication::PublicationComponent::PublicationsImpl::upvote
FNF:27
FNH:0
DA:141,0
DA:146,0
DA:149,0
DA:150,0
DA:154,0
DA:158,0
DA:163,0
DA:166,0
DA:167,0
DA:172,0
DA:179,0
DA:180,0
DA:187,0
DA:195,0
DA:198,0
DA:204,0
DA:217,0
DA:218,0
DA:219,0
DA:222,0
DA:223,0
DA:228,0
DA:233,0
DA:235,0
DA:236,0
DA:237,0
DA:238,0
DA:240,0
DA:249,0
DA:255,0
DA:263,0
DA:264,0
DA:265,0
DA:267,0
DA:268,0
DA:273,0
DA:278,0
DA:280,0
DA:281,0
DA:283,0
DA:286,0
DA:289,0
DA:292,0
DA:295,0
DA:301,0
DA:316,0
DA:317,0
DA:318,0
DA:320,0
DA:321,0
DA:326,0
DA:329,0
DA:330,0
DA:333,0
DA:334,0
DA:336,0
DA:341,0
DA:354,0
DA:355,0
DA:356,0
DA:358,0
DA:359,0
DA:364,0
DA:367,0
DA:368,0
DA:373,0
DA:374,0
DA:375,0
DA:380,0
DA:395,0
DA:396,0
DA:397,0
DA:399,0
DA:400,0
DA:405,0
DA:409,0
DA:411,0
DA:414,0
DA:418,0
DA:421,0
DA:432,0
DA:433,0
DA:434,0
DA:436,0
DA:437,0
DA:442,0
DA:445,0
DA:446,0
DA:448,0
DA:452,0
DA:454,0
DA:470,0
DA:481,0
DA:492,0
DA:501,0
DA:502,0
DA:510,0
DA:511,0
DA:519,0
DA:520,0
DA:542,0
DA:543,0
DA:559,0
DA:560,0
DA:562,0
DA:563,0
DA:567,0
DA:568,0
DA:570,0
DA:572,0
DA:573,0
DA:577,0
DA:585,0
DA:598,0
DA:604,0
DA:622,0
DA:624,0
DA:641,0
DA:642,0
DA:643,0
DA:652,0
DA:653,0
DA:654,0
DA:655,0
DA:667,0
DA:668,0
DA:671,0
DA:679,0
DA:680,0
DA:681,0
DA:683,0
DA:684,0
DA:686,0
DA:687,0
DA:690,0
DA:691,0
DA:693,0
DA:694,0
DA:695,0
DA:720,0
DA:725,0
DA:726,0
DA:728,0
DA:730,0
DA:736,0
DA:749,0
DA:750,0
DA:751,0
DA:752,0
DA:754,0
DA:756,0
DA:758,0
DA:762,0
DA:773,0
DA:775,0
DA:786,0
DA:787,0
DA:798,0
DA:801,0
DA:805,0
DA:807,0
DA:815,0
DA:817,0
DA:820,0
DA:822,0
DA:835,0
DA:837,0
DA:840,0
DA:841,0
DA:853,0
DA:855,0
DA:857,0
DA:858,0
LF:173
LH:0
end_of_record
